{
  "stats": {
    "suites": 21,
    "tests": 68,
    "passes": 68,
    "pending": 0,
    "failures": 0,
    "start": "2020-11-21T23:05:03.366Z",
    "end": "2020-11-21T23:05:32.838Z",
    "duration": 29472,
    "testsRegistered": 68,
    "passPercent": 100,
    "pendingPercent": 0,
    "other": 0,
    "hasOther": false,
    "skipped": 0,
    "hasSkipped": false
  },
  "results": [
    {
      "uuid": "3314f99c-c420-46e2-925a-4a25d21dd54d",
      "title": "",
      "fullFile": "cypress/integration/project.spec.js",
      "file": "cypress/integration/project.spec.js",
      "beforeHooks": [],
      "afterHooks": [],
      "tests": [],
      "suites": [
        {
          "uuid": "0c3c20ca-f6e2-4e30-b914-bba431abbcc4",
          "title": "Facebook Signup",
          "fullFile": "",
          "file": "",
          "beforeHooks": [],
          "afterHooks": [],
          "tests": [],
          "suites": [
            {
              "uuid": "ace6d98a-ea58-4a49-9e8f-9f16349e5b18",
              "title": "Crie uma barra azul na parte superior da página com a classe top-bar",
              "fullFile": "",
              "file": "",
              "beforeHooks": [],
              "afterHooks": [],
              "tests": [
                {
                  "title": "Esta barra deve possuir a classe top-bar",
                  "fullTitle": "Facebook Signup Crie uma barra azul na parte superior da página com a classe top-bar Esta barra deve possuir a classe top-bar",
                  "timedOut": null,
                  "duration": 228,
                  "state": "passed",
                  "speed": "slow",
                  "pass": true,
                  "fail": false,
                  "pending": false,
                  "context": null,
                  "code": "cy.get(TOP_BAR_SELECTOR).should('exist');",
                  "err": {},
                  "uuid": "7c04ec0d-f459-4386-ac70-c0bf4272f151",
                  "parentUUID": "ace6d98a-ea58-4a49-9e8f-9f16349e5b18",
                  "isHook": false,
                  "skipped": false
                },
                {
                  "title": "A classe top-bar deve determinar que o elemento é um flex container",
                  "fullTitle": "Facebook Signup Crie uma barra azul na parte superior da página com a classe top-bar A classe top-bar deve determinar que o elemento é um flex container",
                  "timedOut": null,
                  "duration": 181,
                  "state": "passed",
                  "speed": "slow",
                  "pass": true,
                  "fail": false,
                  "pending": false,
                  "context": null,
                  "code": "cy.get(TOP_BAR_SELECTOR).should('have.css', 'display', 'flex');",
                  "err": {},
                  "uuid": "c4111e6a-fadc-4ef5-8cd5-a7924ac334bd",
                  "parentUUID": "ace6d98a-ea58-4a49-9e8f-9f16349e5b18",
                  "isHook": false,
                  "skipped": false
                },
                {
                  "title": "A classe top-bar deve possuir a propriedade `background-color: rgb(66, 103, 178)`",
                  "fullTitle": "Facebook Signup Crie uma barra azul na parte superior da página com a classe top-bar A classe top-bar deve possuir a propriedade `background-color: rgb(66, 103, 178)`",
                  "timedOut": null,
                  "duration": 117,
                  "state": "passed",
                  "speed": "slow",
                  "pass": true,
                  "fail": false,
                  "pending": false,
                  "context": null,
                  "code": "cy.get(TOP_BAR_SELECTOR).should('have.css', 'background-color', 'rgb(66, 103, 178)');",
                  "err": {},
                  "uuid": "5ffaa541-8f9f-46a5-9efa-847506da44e8",
                  "parentUUID": "ace6d98a-ea58-4a49-9e8f-9f16349e5b18",
                  "isHook": false,
                  "skipped": false
                }
              ],
              "suites": [],
              "passes": [
                "7c04ec0d-f459-4386-ac70-c0bf4272f151",
                "c4111e6a-fadc-4ef5-8cd5-a7924ac334bd",
                "5ffaa541-8f9f-46a5-9efa-847506da44e8"
              ],
              "failures": [],
              "pending": [],
              "skipped": [],
              "duration": 526,
              "root": false,
              "rootEmpty": false,
              "_timeout": 2000
            },
            {
              "uuid": "dae50194-2fc6-4f6b-97fb-48210262e63f",
              "title": "A barra superior deve conter o logotipo do Facebook no canto esquerdo com a classe facebook-logo",
              "fullFile": "",
              "file": "",
              "beforeHooks": [],
              "afterHooks": [],
              "tests": [
                {
                  "title": "O logotipo deve estar alinhado a esquerda dentro da barra azul",
                  "fullTitle": "Facebook Signup A barra superior deve conter o logotipo do Facebook no canto esquerdo com a classe facebook-logo O logotipo deve estar alinhado a esquerda dentro da barra azul",
                  "timedOut": null,
                  "duration": 198,
                  "state": "passed",
                  "speed": "slow",
                  "pass": true,
                  "fail": false,
                  "pending": false,
                  "context": null,
                  "code": "cy.get(FACEBOOK_LOGOTIPO_SELECTOR).should('be.leftAligned', '.top-bar');",
                  "err": {},
                  "uuid": "6b9bf5b7-7eae-40ff-92db-d2ceceb11dc6",
                  "parentUUID": "dae50194-2fc6-4f6b-97fb-48210262e63f",
                  "isHook": false,
                  "skipped": false
                },
                {
                  "title": "Deve existir um elemento img com a classe facebook-logo",
                  "fullTitle": "Facebook Signup A barra superior deve conter o logotipo do Facebook no canto esquerdo com a classe facebook-logo Deve existir um elemento img com a classe facebook-logo",
                  "timedOut": null,
                  "duration": 165,
                  "state": "passed",
                  "speed": "slow",
                  "pass": true,
                  "fail": false,
                  "pending": false,
                  "context": null,
                  "code": "cy.get(FACEBOOK_LOGOTIPO_SELECTOR).should('exist');",
                  "err": {},
                  "uuid": "4f2943f8-6b4e-4e04-931a-b5907e19f437",
                  "parentUUID": "dae50194-2fc6-4f6b-97fb-48210262e63f",
                  "isHook": false,
                  "skipped": false
                },
                {
                  "title": "O atributo src do logotipo deve apontar para imgs/facebook-logo.png",
                  "fullTitle": "Facebook Signup A barra superior deve conter o logotipo do Facebook no canto esquerdo com a classe facebook-logo O atributo src do logotipo deve apontar para imgs/facebook-logo.png",
                  "timedOut": null,
                  "duration": 209,
                  "state": "passed",
                  "speed": "slow",
                  "pass": true,
                  "fail": false,
                  "pending": false,
                  "context": null,
                  "code": "cy.get(FACEBOOK_LOGOTIPO_SELECTOR).should('have.attr', 'src').should('equal', 'imgs/facebook-logo.png');",
                  "err": {},
                  "uuid": "b5a8d13c-83af-4932-b1c9-4d551eec0f47",
                  "parentUUID": "dae50194-2fc6-4f6b-97fb-48210262e63f",
                  "isHook": false,
                  "skipped": false
                }
              ],
              "suites": [],
              "passes": [
                "6b9bf5b7-7eae-40ff-92db-d2ceceb11dc6",
                "4f2943f8-6b4e-4e04-931a-b5907e19f437",
                "b5a8d13c-83af-4932-b1c9-4d551eec0f47"
              ],
              "failures": [],
              "pending": [],
              "skipped": [],
              "duration": 572,
              "root": false,
              "rootEmpty": false,
              "_timeout": 2000
            },
            {
              "uuid": "81646324-098a-40fd-9101-6f183be07303",
              "title": "A barra superior deve conter um formulário de autenticação no canto direito",
              "fullFile": "",
              "file": "",
              "beforeHooks": [],
              "afterHooks": [],
              "tests": [
                {
                  "title": "O formulário deve estar alinhado a direita dentro da barra azul",
                  "fullTitle": "Facebook Signup A barra superior deve conter um formulário de autenticação no canto direito O formulário deve estar alinhado a direita dentro da barra azul",
                  "timedOut": null,
                  "duration": 241,
                  "state": "passed",
                  "speed": "slow",
                  "pass": true,
                  "fail": false,
                  "pending": false,
                  "context": null,
                  "code": "cy.get(FACEBOOK_LOGIN_FORM_SELECTOR).should('be.rightAligned', '.top-bar');",
                  "err": {},
                  "uuid": "ff469514-54fc-46e6-8cda-b1f1496b6777",
                  "parentUUID": "81646324-098a-40fd-9101-6f183be07303",
                  "isHook": false,
                  "skipped": false
                },
                {
                  "title": "Existe formulário possui uma classe chamada facebook-login",
                  "fullTitle": "Facebook Signup A barra superior deve conter um formulário de autenticação no canto direito Existe formulário possui uma classe chamada facebook-login",
                  "timedOut": null,
                  "duration": 222,
                  "state": "passed",
                  "speed": "slow",
                  "pass": true,
                  "fail": false,
                  "pending": false,
                  "context": null,
                  "code": "cy.get(FACEBOOK_LOGIN_FORM_SELECTOR).should('exist');",
                  "err": {},
                  "uuid": "ef473a68-1efe-40a0-b7c0-7ad449857cad",
                  "parentUUID": "81646324-098a-40fd-9101-6f183be07303",
                  "isHook": false,
                  "skipped": false
                },
                {
                  "title": "O formulário deve ser um flex container",
                  "fullTitle": "Facebook Signup A barra superior deve conter um formulário de autenticação no canto direito O formulário deve ser um flex container",
                  "timedOut": null,
                  "duration": 94,
                  "state": "passed",
                  "speed": "slow",
                  "pass": true,
                  "fail": false,
                  "pending": false,
                  "context": null,
                  "code": "cy.get(FACEBOOK_LOGIN_FORM_SELECTOR).should('have.css', 'display', 'flex');",
                  "err": {},
                  "uuid": "26e6a7a2-614d-4069-81f9-23ee93623632",
                  "parentUUID": "81646324-098a-40fd-9101-6f183be07303",
                  "isHook": false,
                  "skipped": false
                }
              ],
              "suites": [],
              "passes": [
                "ff469514-54fc-46e6-8cda-b1f1496b6777",
                "ef473a68-1efe-40a0-b7c0-7ad449857cad",
                "26e6a7a2-614d-4069-81f9-23ee93623632"
              ],
              "failures": [],
              "pending": [],
              "skipped": [],
              "duration": 557,
              "root": false,
              "rootEmpty": false,
              "_timeout": 2000
            },
            {
              "uuid": "92548696-d8e6-4421-a5f3-2c7664193c9d",
              "title": "Crie uma classe no CSS chamada form-group",
              "fullFile": "",
              "file": "",
              "beforeHooks": [],
              "afterHooks": [],
              "tests": [
                {
                  "title": "Essa classe deve possuir a propriedade `diplay: flex`",
                  "fullTitle": "Facebook Signup Crie uma classe no CSS chamada form-group Essa classe deve possuir a propriedade `diplay: flex`",
                  "timedOut": null,
                  "duration": 101,
                  "state": "passed",
                  "speed": "slow",
                  "pass": true,
                  "fail": false,
                  "pending": false,
                  "context": null,
                  "code": "cy.get('.form-group').should('have.css', 'display', 'flex');",
                  "err": {},
                  "uuid": "ccba3345-24df-41af-8d77-2f8141a27bd6",
                  "parentUUID": "92548696-d8e6-4421-a5f3-2c7664193c9d",
                  "isHook": false,
                  "skipped": false
                },
                {
                  "title": "Alinhe o eixo principal dessa classe para ser o eixo vertical",
                  "fullTitle": "Facebook Signup Crie uma classe no CSS chamada form-group Alinhe o eixo principal dessa classe para ser o eixo vertical",
                  "timedOut": null,
                  "duration": 163,
                  "state": "passed",
                  "speed": "slow",
                  "pass": true,
                  "fail": false,
                  "pending": false,
                  "context": null,
                  "code": "cy.get('.form-group').should('have.css', 'flex-direction', 'column');",
                  "err": {},
                  "uuid": "591960a4-4007-4c3e-a77d-32d20cd7d3e3",
                  "parentUUID": "92548696-d8e6-4421-a5f3-2c7664193c9d",
                  "isHook": false,
                  "skipped": false
                }
              ],
              "suites": [],
              "passes": [
                "ccba3345-24df-41af-8d77-2f8141a27bd6",
                "591960a4-4007-4c3e-a77d-32d20cd7d3e3"
              ],
              "failures": [],
              "pending": [],
              "skipped": [],
              "duration": 264,
              "root": false,
              "rootEmpty": false,
              "_timeout": 2000
            },
            {
              "uuid": "3df640e6-a0e6-4fcd-bd4e-a0710f618d4d",
              "title": "Adicione o primeiro subcontainer com a classe form-group para agrupar o rótulo e campo \"E-mail ou telefone\" dentro do formulário criado na etapa 3",
              "fullFile": "",
              "file": "",
              "beforeHooks": [],
              "afterHooks": [],
              "tests": [
                {
                  "title": "Deve haver um container utilizando a classe `form-group` criada no passo anterior",
                  "fullTitle": "Facebook Signup Adicione o primeiro subcontainer com a classe form-group para agrupar o rótulo e campo \"E-mail ou telefone\" dentro do formulário criado na etapa 3 Deve haver um container utilizando a classe `form-group` criada no passo anterior",
                  "timedOut": null,
                  "duration": 140,
                  "state": "passed",
                  "speed": "slow",
                  "pass": true,
                  "fail": false,
                  "pending": false,
                  "context": null,
                  "code": "cy.get('form.facebook-login').children().first().should('exist').should('have.class', 'form-group');",
                  "err": {},
                  "uuid": "ab567d96-2562-48d6-8963-2d88e387d4b3",
                  "parentUUID": "3df640e6-a0e6-4fcd-bd4e-a0710f618d4d",
                  "isHook": false,
                  "skipped": false
                },
                {
                  "title": "Dentro do container `form-group` criado, deve haver um rótulo com o id user-email-phone-label e o texto \"Email ou telefone\"",
                  "fullTitle": "Facebook Signup Adicione o primeiro subcontainer com a classe form-group para agrupar o rótulo e campo \"E-mail ou telefone\" dentro do formulário criado na etapa 3 Dentro do container `form-group` criado, deve haver um rótulo com o id user-email-phone-label e o texto \"Email ou telefone\"",
                  "timedOut": null,
                  "duration": 179,
                  "state": "passed",
                  "speed": "slow",
                  "pass": true,
                  "fail": false,
                  "pending": false,
                  "context": null,
                  "code": "cy.get(USER_IDENTIFIER_LABEL_SELECTOR).parent().should('have.class', 'form-group');\ncy.get(USER_IDENTIFIER_LABEL_SELECTOR).should('exist').should('have.text', USER_IDENTIFIER_LABEL_TEXT_SELECTOR);",
                  "err": {},
                  "uuid": "6185479d-73e5-4aa3-b341-6d50ae5b5510",
                  "parentUUID": "3df640e6-a0e6-4fcd-bd4e-a0710f618d4d",
                  "isHook": false,
                  "skipped": false
                },
                {
                  "title": "Dentro do container `form-group` criado, abaixo do rótulo deve haver campo de entrada de texto para receber o email ou o telefone do usuário com o id user-email-phone",
                  "fullTitle": "Facebook Signup Adicione o primeiro subcontainer com a classe form-group para agrupar o rótulo e campo \"E-mail ou telefone\" dentro do formulário criado na etapa 3 Dentro do container `form-group` criado, abaixo do rótulo deve haver campo de entrada de texto para receber o email ou o telefone do usuário com o id user-email-phone",
                  "timedOut": null,
                  "duration": 154,
                  "state": "passed",
                  "speed": "slow",
                  "pass": true,
                  "fail": false,
                  "pending": false,
                  "context": null,
                  "code": "cy.get(USER_IDENTIFIER_INPUT_SELECTOR).should('exist');\ncy.get(USER_IDENTIFIER_INPUT_SELECTOR).parent().should('have.class', 'form-group');\ncheckIsBelowOf(USER_IDENTIFIER_LABEL_SELECTOR, USER_IDENTIFIER_INPUT_SELECTOR);",
                  "err": {},
                  "uuid": "7976cd51-15ba-49a3-b052-32fae799d981",
                  "parentUUID": "3df640e6-a0e6-4fcd-bd4e-a0710f618d4d",
                  "isHook": false,
                  "skipped": false
                }
              ],
              "suites": [],
              "passes": [
                "ab567d96-2562-48d6-8963-2d88e387d4b3",
                "6185479d-73e5-4aa3-b341-6d50ae5b5510",
                "7976cd51-15ba-49a3-b052-32fae799d981"
              ],
              "failures": [],
              "pending": [],
              "skipped": [],
              "duration": 473,
              "root": false,
              "rootEmpty": false,
              "_timeout": 2000
            },
            {
              "uuid": "c2af8738-626e-41df-b1ab-c8cff2d4fef3",
              "title": "Adicione o segundo subcontainer com a classe form-group para agrupar o rótulo e campo \"Senha\" dentro do formulário criado na etapa 3",
              "fullFile": "",
              "file": "",
              "beforeHooks": [],
              "afterHooks": [],
              "tests": [
                {
                  "title": "Deve haver um novo container utilizando a classe `form-group` criada no passo 4",
                  "fullTitle": "Facebook Signup Adicione o segundo subcontainer com a classe form-group para agrupar o rótulo e campo \"Senha\" dentro do formulário criado na etapa 3 Deve haver um novo container utilizando a classe `form-group` criada no passo 4",
                  "timedOut": null,
                  "duration": 189,
                  "state": "passed",
                  "speed": "slow",
                  "pass": true,
                  "fail": false,
                  "pending": false,
                  "context": null,
                  "code": "cy.get(\"form.facebook-login > .form-group\").eq(1).should('exist');",
                  "err": {},
                  "uuid": "0075a9ee-6714-45dd-8c84-f3216addd741",
                  "parentUUID": "c2af8738-626e-41df-b1ab-c8cff2d4fef3",
                  "isHook": false,
                  "skipped": false
                },
                {
                  "title": "Dentro do novo container `form-group` criado, deve haver um rótulo com o id user-password-label e o texto \"Senha\"",
                  "fullTitle": "Facebook Signup Adicione o segundo subcontainer com a classe form-group para agrupar o rótulo e campo \"Senha\" dentro do formulário criado na etapa 3 Dentro do novo container `form-group` criado, deve haver um rótulo com o id user-password-label e o texto \"Senha\"",
                  "timedOut": null,
                  "duration": 158,
                  "state": "passed",
                  "speed": "slow",
                  "pass": true,
                  "fail": false,
                  "pending": false,
                  "context": null,
                  "code": "cy.get(\"form.facebook-login .form-group label#user-password-label\").should('exist').should('have.text', USER_PASSWORD_LABEL_TEXT_SELECTOR);",
                  "err": {},
                  "uuid": "508b3a37-3aa3-413c-af45-bdbe4a7eb701",
                  "parentUUID": "c2af8738-626e-41df-b1ab-c8cff2d4fef3",
                  "isHook": false,
                  "skipped": false
                },
                {
                  "title": "Dentro do novo container `form-group` criado, abaixo do rótulo deve haver campo de entrada para senha com o id user-password",
                  "fullTitle": "Facebook Signup Adicione o segundo subcontainer com a classe form-group para agrupar o rótulo e campo \"Senha\" dentro do formulário criado na etapa 3 Dentro do novo container `form-group` criado, abaixo do rótulo deve haver campo de entrada para senha com o id user-password",
                  "timedOut": null,
                  "duration": 179,
                  "state": "passed",
                  "speed": "slow",
                  "pass": true,
                  "fail": false,
                  "pending": false,
                  "context": null,
                  "code": "cy.get(\"form.facebook-login .form-group input#user-password\").should('exist');\ncheckIsBelowOf(USER_PASSWORD_LABEL_SELECTOR, USER_PASSWORD_INPUT_SELECTOR);",
                  "err": {},
                  "uuid": "a8b2e62d-69c7-426b-b5cb-5704ecc6a41c",
                  "parentUUID": "c2af8738-626e-41df-b1ab-c8cff2d4fef3",
                  "isHook": false,
                  "skipped": false
                }
              ],
              "suites": [],
              "passes": [
                "0075a9ee-6714-45dd-8c84-f3216addd741",
                "508b3a37-3aa3-413c-af45-bdbe4a7eb701",
                "a8b2e62d-69c7-426b-b5cb-5704ecc6a41c"
              ],
              "failures": [],
              "pending": [],
              "skipped": [],
              "duration": 526,
              "root": false,
              "rootEmpty": false,
              "_timeout": 2000
            },
            {
              "uuid": "aa8c2efc-3e4b-4032-8027-1284fd1695e1",
              "title": "Adicione o terceiro subcontainer com a classe form-control com o botão \"Entrar\" dentro do formulário criado na etapa 3",
              "fullFile": "",
              "file": "",
              "beforeHooks": [],
              "afterHooks": [],
              "tests": [
                {
                  "title": "Deve haver um novo container utilizando a classe `form-control` criada no passo anterior`",
                  "fullTitle": "Facebook Signup Adicione o terceiro subcontainer com a classe form-control com o botão \"Entrar\" dentro do formulário criado na etapa 3 Deve haver um novo container utilizando a classe `form-control` criada no passo anterior`",
                  "timedOut": null,
                  "duration": 135,
                  "state": "passed",
                  "speed": "slow",
                  "pass": true,
                  "fail": false,
                  "pending": false,
                  "context": null,
                  "code": "cy.get(\"form.facebook-login > .form-control\").eq(0).should('exist');",
                  "err": {},
                  "uuid": "e9a98aaf-f433-4bac-acad-ba90db83bfee",
                  "parentUUID": "aa8c2efc-3e4b-4032-8027-1284fd1695e1",
                  "isHook": false,
                  "skipped": false
                },
                {
                  "title": "Crie uma classe no CSS form-control com a propriedade `align-self: flex-end`",
                  "fullTitle": "Facebook Signup Adicione o terceiro subcontainer com a classe form-control com o botão \"Entrar\" dentro do formulário criado na etapa 3 Crie uma classe no CSS form-control com a propriedade `align-self: flex-end`",
                  "timedOut": null,
                  "duration": 156,
                  "state": "passed",
                  "speed": "slow",
                  "pass": true,
                  "fail": false,
                  "pending": false,
                  "context": null,
                  "code": "cy.get('.form-control').should('have.css', 'align-self', 'flex-end');",
                  "err": {},
                  "uuid": "b4938b51-4692-4292-938f-718a43ce7dff",
                  "parentUUID": "aa8c2efc-3e4b-4032-8027-1284fd1695e1",
                  "isHook": false,
                  "skipped": false
                },
                {
                  "title": "Dentro do novo container `form-control` criado, deve haver um botão com o id \"button-login\" e o texto \"Entrar\"",
                  "fullTitle": "Facebook Signup Adicione o terceiro subcontainer com a classe form-control com o botão \"Entrar\" dentro do formulário criado na etapa 3 Dentro do novo container `form-control` criado, deve haver um botão com o id \"button-login\" e o texto \"Entrar\"",
                  "timedOut": null,
                  "duration": 133,
                  "state": "passed",
                  "speed": "slow",
                  "pass": true,
                  "fail": false,
                  "pending": false,
                  "context": null,
                  "code": "cy.get(\"form.facebook-login .form-control #button-login\").should('exist').should('have.text', 'Entrar');",
                  "err": {},
                  "uuid": "225086b3-4495-4fa1-a846-790a473e20c6",
                  "parentUUID": "aa8c2efc-3e4b-4032-8027-1284fd1695e1",
                  "isHook": false,
                  "skipped": false
                },
                {
                  "title": "O botão deve estar alinhado a direita do campo de entrada para senha",
                  "fullTitle": "Facebook Signup Adicione o terceiro subcontainer com a classe form-control com o botão \"Entrar\" dentro do formulário criado na etapa 3 O botão deve estar alinhado a direita do campo de entrada para senha",
                  "timedOut": null,
                  "duration": 160,
                  "state": "passed",
                  "speed": "slow",
                  "pass": true,
                  "fail": false,
                  "pending": false,
                  "context": null,
                  "code": "checkIsRightOf(USER_PASSWORD_INPUT_SELECTOR, USER_LOGIN_BUTTON_SELECTOR);",
                  "err": {},
                  "uuid": "4ed64453-f98a-4002-b3d2-2893bbe78b80",
                  "parentUUID": "aa8c2efc-3e4b-4032-8027-1284fd1695e1",
                  "isHook": false,
                  "skipped": false
                },
                {
                  "title": "Ao clicar no botão com o id #button-login deve exibir um alert com o valor do campo \"Email ou telefone\"",
                  "fullTitle": "Facebook Signup Adicione o terceiro subcontainer com a classe form-control com o botão \"Entrar\" dentro do formulário criado na etapa 3 Ao clicar no botão com o id #button-login deve exibir um alert com o valor do campo \"Email ou telefone\"",
                  "timedOut": null,
                  "duration": 586,
                  "state": "passed",
                  "speed": "slow",
                  "pass": true,
                  "fail": false,
                  "pending": false,
                  "context": null,
                  "code": "var content = 'my-user';\nvar alerted = false;\ncy.on('window:alert', function (text) {\n  expect(text).to.equal(content);\n  alerted = true;\n});\ncy.get(USER_IDENTIFIER_INPUT_SELECTOR).type(content);\ncy.get(USER_LOGIN_BUTTON_SELECTOR).should('exist').should('have.text', 'Entrar').click().then(function () {\n  expect(alerted).to.eq(true);\n});",
                  "err": {},
                  "uuid": "3cb86cab-47d3-406a-89d3-158714de0096",
                  "parentUUID": "aa8c2efc-3e4b-4032-8027-1284fd1695e1",
                  "isHook": false,
                  "skipped": false
                }
              ],
              "suites": [],
              "passes": [
                "e9a98aaf-f433-4bac-acad-ba90db83bfee",
                "b4938b51-4692-4292-938f-718a43ce7dff",
                "225086b3-4495-4fa1-a846-790a473e20c6",
                "4ed64453-f98a-4002-b3d2-2893bbe78b80",
                "3cb86cab-47d3-406a-89d3-158714de0096"
              ],
              "failures": [],
              "pending": [],
              "skipped": [],
              "duration": 1170,
              "root": false,
              "rootEmpty": false,
              "_timeout": 2000
            },
            {
              "uuid": "79aa1eaf-c145-4b0f-ad9e-e9c8319b253f",
              "title": "Crie um container com a classe main-content abaixo da barra azul para agrupar o conteúdo principal da página",
              "fullFile": "",
              "file": "",
              "beforeHooks": [],
              "afterHooks": [],
              "tests": [
                {
                  "title": "Crie um elemento com a classe main-content",
                  "fullTitle": "Facebook Signup Crie um container com a classe main-content abaixo da barra azul para agrupar o conteúdo principal da página Crie um elemento com a classe main-content",
                  "timedOut": null,
                  "duration": 114,
                  "state": "passed",
                  "speed": "slow",
                  "pass": true,
                  "fail": false,
                  "pending": false,
                  "context": null,
                  "code": "cy.get('.main-content').should('exist');",
                  "err": {},
                  "uuid": "f22d6304-39b0-45d9-a74b-ffb1d8ead720",
                  "parentUUID": "79aa1eaf-c145-4b0f-ad9e-e9c8319b253f",
                  "isHook": false,
                  "skipped": false
                },
                {
                  "title": "O elemento deve ser um flex container no eixo horizontal",
                  "fullTitle": "Facebook Signup Crie um container com a classe main-content abaixo da barra azul para agrupar o conteúdo principal da página O elemento deve ser um flex container no eixo horizontal",
                  "timedOut": null,
                  "duration": 119,
                  "state": "passed",
                  "speed": "slow",
                  "pass": true,
                  "fail": false,
                  "pending": false,
                  "context": null,
                  "code": "cy.get('.main-content').should('have.css', 'display', 'flex').should('have.css', 'flex-direction', 'row');",
                  "err": {},
                  "uuid": "0a68287d-aea7-4ad5-a25a-f9fcb4abd080",
                  "parentUUID": "79aa1eaf-c145-4b0f-ad9e-e9c8319b253f",
                  "isHook": false,
                  "skipped": false
                },
                {
                  "title": "O elemento deve posicionado abaixo da barra azul",
                  "fullTitle": "Facebook Signup Crie um container com a classe main-content abaixo da barra azul para agrupar o conteúdo principal da página O elemento deve posicionado abaixo da barra azul",
                  "timedOut": null,
                  "duration": 115,
                  "state": "passed",
                  "speed": "slow",
                  "pass": true,
                  "fail": false,
                  "pending": false,
                  "context": null,
                  "code": "checkIsBelowOf('.top-bar', '.main-content');",
                  "err": {},
                  "uuid": "5c155038-c8c1-4b0a-afdc-6c4bebf5d492",
                  "parentUUID": "79aa1eaf-c145-4b0f-ad9e-e9c8319b253f",
                  "isHook": false,
                  "skipped": false
                }
              ],
              "suites": [],
              "passes": [
                "f22d6304-39b0-45d9-a74b-ffb1d8ead720",
                "0a68287d-aea7-4ad5-a25a-f9fcb4abd080",
                "5c155038-c8c1-4b0a-afdc-6c4bebf5d492"
              ],
              "failures": [],
              "pending": [],
              "skipped": [],
              "duration": 348,
              "root": false,
              "rootEmpty": false,
              "_timeout": 2000
            },
            {
              "uuid": "2491cf0c-3867-4fdf-afb4-b98b2123989f",
              "title": "Crie um subcontainer com a classe left-content para colocar o conteúdo do lado esquerdo dentro do container com a classe main-content",
              "fullFile": "",
              "file": "",
              "beforeHooks": [],
              "afterHooks": [],
              "tests": [
                {
                  "title": "O subcontainer deve ter a classe left-content",
                  "fullTitle": "Facebook Signup Crie um subcontainer com a classe left-content para colocar o conteúdo do lado esquerdo dentro do container com a classe main-content O subcontainer deve ter a classe left-content",
                  "timedOut": null,
                  "duration": 111,
                  "state": "passed",
                  "speed": "slow",
                  "pass": true,
                  "fail": false,
                  "pending": false,
                  "context": null,
                  "code": "cy.get('.main-content > .left-content').should('exist');",
                  "err": {},
                  "uuid": "6af98283-261b-49f5-ae1f-cb718ee7ef8e",
                  "parentUUID": "2491cf0c-3867-4fdf-afb4-b98b2123989f",
                  "isHook": false,
                  "skipped": false
                },
                {
                  "title": "A classe left-content deve ter uma largura de 800px",
                  "fullTitle": "Facebook Signup Crie um subcontainer com a classe left-content para colocar o conteúdo do lado esquerdo dentro do container com a classe main-content A classe left-content deve ter uma largura de 800px",
                  "timedOut": null,
                  "duration": 111,
                  "state": "passed",
                  "speed": "slow",
                  "pass": true,
                  "fail": false,
                  "pending": false,
                  "context": null,
                  "code": "cy.get('.main-content > .left-content').should('have.css', 'width', '800px');",
                  "err": {},
                  "uuid": "8c5af725-2fa5-44d9-8d84-43d5ed7f412b",
                  "parentUUID": "2491cf0c-3867-4fdf-afb4-b98b2123989f",
                  "isHook": false,
                  "skipped": false
                },
                {
                  "title": "Dentro do container com a classe left-content deve existir um parágrafo com id facebook-slogan e o texto \"O Facebook ajuda você a se conectar e compartilhar com as pessoas que fazem parte da sua vida.\"",
                  "fullTitle": "Facebook Signup Crie um subcontainer com a classe left-content para colocar o conteúdo do lado esquerdo dentro do container com a classe main-content Dentro do container com a classe left-content deve existir um parágrafo com id facebook-slogan e o texto \"O Facebook ajuda você a se conectar e compartilhar com as pessoas que fazem parte da sua vida.\"",
                  "timedOut": null,
                  "duration": 123,
                  "state": "passed",
                  "speed": "slow",
                  "pass": true,
                  "fail": false,
                  "pending": false,
                  "context": null,
                  "code": "cy.get('.main-content > .left-content #facebook-slogan').should('exist').contains(FACEBOOK_SLOGAN);",
                  "err": {},
                  "uuid": "16b6d4a7-4c4c-4892-87a0-3486ec7646af",
                  "parentUUID": "2491cf0c-3867-4fdf-afb4-b98b2123989f",
                  "isHook": false,
                  "skipped": false
                },
                {
                  "title": "Dentro do container com a classe left-content deve existir abaixo do parágrafo com id facebook-slogan uma imagem com id facebook-networking e o src com o endereço `imgs/networking.png`.",
                  "fullTitle": "Facebook Signup Crie um subcontainer com a classe left-content para colocar o conteúdo do lado esquerdo dentro do container com a classe main-content Dentro do container com a classe left-content deve existir abaixo do parágrafo com id facebook-slogan uma imagem com id facebook-networking e o src com o endereço `imgs/networking.png`.",
                  "timedOut": null,
                  "duration": 189,
                  "state": "passed",
                  "speed": "slow",
                  "pass": true,
                  "fail": false,
                  "pending": false,
                  "context": null,
                  "code": "cy.get('.main-content > .left-content img#facebook-networking').should('exist').should('have.attr', 'src', 'imgs/networking.png');\ncheckIsBelowOf(FACEBOOK_SLOGAN_SELECTOR, FACEBOOK_NETWORKING_IMG_SELECTOR);",
                  "err": {},
                  "uuid": "cef4031a-9435-4c1e-9dde-48fc05e2bc67",
                  "parentUUID": "2491cf0c-3867-4fdf-afb4-b98b2123989f",
                  "isHook": false,
                  "skipped": false
                }
              ],
              "suites": [],
              "passes": [
                "6af98283-261b-49f5-ae1f-cb718ee7ef8e",
                "8c5af725-2fa5-44d9-8d84-43d5ed7f412b",
                "16b6d4a7-4c4c-4892-87a0-3486ec7646af",
                "cef4031a-9435-4c1e-9dde-48fc05e2bc67"
              ],
              "failures": [],
              "pending": [],
              "skipped": [],
              "duration": 534,
              "root": false,
              "rootEmpty": false,
              "_timeout": 2000
            },
            {
              "uuid": "9b69ed92-78b9-42f1-9364-a4e6cfedf0f8",
              "title": "Crie um subcontainer com a classe right-content para colocar o conteúdo do lado direito dentro do container com a classe main-content",
              "fullFile": "",
              "file": "",
              "beforeHooks": [],
              "afterHooks": [],
              "tests": [
                {
                  "title": "O novo subcontainer deve ter a classe right-content",
                  "fullTitle": "Facebook Signup Crie um subcontainer com a classe right-content para colocar o conteúdo do lado direito dentro do container com a classe main-content O novo subcontainer deve ter a classe right-content",
                  "timedOut": null,
                  "duration": 163,
                  "state": "passed",
                  "speed": "slow",
                  "pass": true,
                  "fail": false,
                  "pending": false,
                  "context": null,
                  "code": "cy.get('.main-content > .right-content').should('exist');",
                  "err": {},
                  "uuid": "7dd39d8f-4134-473b-a9ad-12b035117fb1",
                  "parentUUID": "9b69ed92-78b9-42f1-9364-a4e6cfedf0f8",
                  "isHook": false,
                  "skipped": false
                },
                {
                  "title": "A classe right-content deve ter uma largura de 300px",
                  "fullTitle": "Facebook Signup Crie um subcontainer com a classe right-content para colocar o conteúdo do lado direito dentro do container com a classe main-content A classe right-content deve ter uma largura de 300px",
                  "timedOut": null,
                  "duration": 124,
                  "state": "passed",
                  "speed": "slow",
                  "pass": true,
                  "fail": false,
                  "pending": false,
                  "context": null,
                  "code": "cy.get('.main-content > .right-content').should('have.css', 'width', '300px');",
                  "err": {},
                  "uuid": "5e98f561-7b64-4dd3-87c5-940b85f2cf3b",
                  "parentUUID": "9b69ed92-78b9-42f1-9364-a4e6cfedf0f8",
                  "isHook": false,
                  "skipped": false
                },
                {
                  "title": "Utilize na classe main-content a propriedade justify-content com o valor mais apropriado para alinhar os conteúdos",
                  "fullTitle": "Facebook Signup Crie um subcontainer com a classe right-content para colocar o conteúdo do lado direito dentro do container com a classe main-content Utilize na classe main-content a propriedade justify-content com o valor mais apropriado para alinhar os conteúdos",
                  "timedOut": null,
                  "duration": 157,
                  "state": "passed",
                  "speed": "slow",
                  "pass": true,
                  "fail": false,
                  "pending": false,
                  "context": null,
                  "code": "cy.get('.main-content').should('have.css', 'justify-content');",
                  "err": {},
                  "uuid": "c6e2dbc5-a802-4b59-8ac8-64d0705bfda5",
                  "parentUUID": "9b69ed92-78b9-42f1-9364-a4e6cfedf0f8",
                  "isHook": false,
                  "skipped": false
                },
                {
                  "title": "Dentro do subcontainer com a classe right-content deve existir um elemento h1 com o texto \"Abra uma conta\"",
                  "fullTitle": "Facebook Signup Crie um subcontainer com a classe right-content para colocar o conteúdo do lado direito dentro do container com a classe main-content Dentro do subcontainer com a classe right-content deve existir um elemento h1 com o texto \"Abra uma conta\"",
                  "timedOut": null,
                  "duration": 133,
                  "state": "passed",
                  "speed": "slow",
                  "pass": true,
                  "fail": false,
                  "pending": false,
                  "context": null,
                  "code": "cy.get('.main-content > .right-content h1').contains(OPEN_ACCOUNT_MESSAGE);",
                  "err": {},
                  "uuid": "a2c18367-3ca2-463b-b0bc-6064e8732000",
                  "parentUUID": "9b69ed92-78b9-42f1-9364-a4e6cfedf0f8",
                  "isHook": false,
                  "skipped": false
                },
                {
                  "title": "Dentro do subcontainer com a classe right-content deve existir um elemento com a classe quick-easy com o texto \"É rápido e fácil.\" posicionado abaixo do texto \"Abra uma conta\"",
                  "fullTitle": "Facebook Signup Crie um subcontainer com a classe right-content para colocar o conteúdo do lado direito dentro do container com a classe main-content Dentro do subcontainer com a classe right-content deve existir um elemento com a classe quick-easy com o texto \"É rápido e fácil.\" posicionado abaixo do texto \"Abra uma conta\"",
                  "timedOut": null,
                  "duration": 143,
                  "state": "passed",
                  "speed": "slow",
                  "pass": true,
                  "fail": false,
                  "pending": false,
                  "context": null,
                  "code": "cy.get('.main-content > .right-content .quick-easy').should('exist').contains(QUICK_AND_SIMPLE_MESSAGE);\ncheckIsBelowOf('.main-content > .right-content h1', '.main-content > .right-content .quick-easy');",
                  "err": {},
                  "uuid": "bc5e614a-d953-4810-bc36-c1efd66807a6",
                  "parentUUID": "9b69ed92-78b9-42f1-9364-a4e6cfedf0f8",
                  "isHook": false,
                  "skipped": false
                },
                {
                  "title": "Dentro do subcontainer com a classe right-content deve existir um elemento form abaixo do texto \"É rápido e fácil.\"",
                  "fullTitle": "Facebook Signup Crie um subcontainer com a classe right-content para colocar o conteúdo do lado direito dentro do container com a classe main-content Dentro do subcontainer com a classe right-content deve existir um elemento form abaixo do texto \"É rápido e fácil.\"",
                  "timedOut": null,
                  "duration": 154,
                  "state": "passed",
                  "speed": "slow",
                  "pass": true,
                  "fail": false,
                  "pending": false,
                  "context": null,
                  "code": "cy.get('.main-content > .right-content form').should('exist');\ncheckIsBelowOf('.main-content > .right-content .quick-easy', '.main-content > .right-content form');",
                  "err": {},
                  "uuid": "7da85e59-48b0-4f02-8f14-b5ebb0a5c0ac",
                  "parentUUID": "9b69ed92-78b9-42f1-9364-a4e6cfedf0f8",
                  "isHook": false,
                  "skipped": false
                },
                {
                  "title": "O elemento com a classe right-content deve estar a direita do elemento com a classe left-content",
                  "fullTitle": "Facebook Signup Crie um subcontainer com a classe right-content para colocar o conteúdo do lado direito dentro do container com a classe main-content O elemento com a classe right-content deve estar a direita do elemento com a classe left-content",
                  "timedOut": null,
                  "duration": 120,
                  "state": "passed",
                  "speed": "slow",
                  "pass": true,
                  "fail": false,
                  "pending": false,
                  "context": null,
                  "code": "checkIsRightOf('.main-content > .left-content', '.main-content > .right-content');",
                  "err": {},
                  "uuid": "db419aa7-6745-44e3-a0e8-ad54adb4f501",
                  "parentUUID": "9b69ed92-78b9-42f1-9364-a4e6cfedf0f8",
                  "isHook": false,
                  "skipped": false
                }
              ],
              "suites": [],
              "passes": [
                "7dd39d8f-4134-473b-a9ad-12b035117fb1",
                "5e98f561-7b64-4dd3-87c5-940b85f2cf3b",
                "c6e2dbc5-a802-4b59-8ac8-64d0705bfda5",
                "a2c18367-3ca2-463b-b0bc-6064e8732000",
                "bc5e614a-d953-4810-bc36-c1efd66807a6",
                "7da85e59-48b0-4f02-8f14-b5ebb0a5c0ac",
                "db419aa7-6745-44e3-a0e8-ad54adb4f501"
              ],
              "failures": [],
              "pending": [],
              "skipped": [],
              "duration": 994,
              "root": false,
              "rootEmpty": false,
              "_timeout": 2000
            },
            {
              "uuid": "6abb851c-a373-4f4a-b7d1-5ad4354fb207",
              "title": "Crie um campo de entrada de texto para o nome do usuário dentro do formulário criado no requisito 10",
              "fullFile": "",
              "file": "",
              "beforeHooks": [],
              "afterHooks": [],
              "tests": [
                {
                  "title": "O campo deve ter o atributo name com o valor \"firstname\"",
                  "fullTitle": "Facebook Signup Crie um campo de entrada de texto para o nome do usuário dentro do formulário criado no requisito 10 O campo deve ter o atributo name com o valor \"firstname\"",
                  "timedOut": null,
                  "duration": 137,
                  "state": "passed",
                  "speed": "slow",
                  "pass": true,
                  "fail": false,
                  "pending": false,
                  "context": null,
                  "code": "cy.get('.main-content form input[name=\"firstname\"]').should('exist');",
                  "err": {},
                  "uuid": "50d99e57-e409-4b17-a25d-7253294bd0c2",
                  "parentUUID": "6abb851c-a373-4f4a-b7d1-5ad4354fb207",
                  "isHook": false,
                  "skipped": false
                },
                {
                  "title": "O campo deve ter um placeholder com o valor \"Nome\"",
                  "fullTitle": "Facebook Signup Crie um campo de entrada de texto para o nome do usuário dentro do formulário criado no requisito 10 O campo deve ter um placeholder com o valor \"Nome\"",
                  "timedOut": null,
                  "duration": 114,
                  "state": "passed",
                  "speed": "slow",
                  "pass": true,
                  "fail": false,
                  "pending": false,
                  "context": null,
                  "code": "cy.get('.main-content form input[name=\"firstname\"]').should('have.attr', 'placeholder', 'Nome');",
                  "err": {},
                  "uuid": "927da743-6af0-45b4-b52e-d3474901e1d9",
                  "parentUUID": "6abb851c-a373-4f4a-b7d1-5ad4354fb207",
                  "isHook": false,
                  "skipped": false
                }
              ],
              "suites": [],
              "passes": [
                "50d99e57-e409-4b17-a25d-7253294bd0c2",
                "927da743-6af0-45b4-b52e-d3474901e1d9"
              ],
              "failures": [],
              "pending": [],
              "skipped": [],
              "duration": 251,
              "root": false,
              "rootEmpty": false,
              "_timeout": 2000
            },
            {
              "uuid": "11669ba2-23aa-4b3a-8f9d-0ef71fdc7275",
              "title": "Crie um campo de entrada de texto para o sobrenome do usuário dentro do formulário criado no requisito 10",
              "fullFile": "",
              "file": "",
              "beforeHooks": [],
              "afterHooks": [],
              "tests": [
                {
                  "title": "O campo deve ter o atributo name com o valor \"lastname\"",
                  "fullTitle": "Facebook Signup Crie um campo de entrada de texto para o sobrenome do usuário dentro do formulário criado no requisito 10 O campo deve ter o atributo name com o valor \"lastname\"",
                  "timedOut": null,
                  "duration": 193,
                  "state": "passed",
                  "speed": "slow",
                  "pass": true,
                  "fail": false,
                  "pending": false,
                  "context": null,
                  "code": "cy.get('.main-content form input[name=\"lastname\"]').should('exist');",
                  "err": {},
                  "uuid": "e23006da-29b6-4ff1-a459-4cfbbef04132",
                  "parentUUID": "11669ba2-23aa-4b3a-8f9d-0ef71fdc7275",
                  "isHook": false,
                  "skipped": false
                },
                {
                  "title": "O campo deve ter um placeholder com o valor \"Sobrenome\"",
                  "fullTitle": "Facebook Signup Crie um campo de entrada de texto para o sobrenome do usuário dentro do formulário criado no requisito 10 O campo deve ter um placeholder com o valor \"Sobrenome\"",
                  "timedOut": null,
                  "duration": 150,
                  "state": "passed",
                  "speed": "slow",
                  "pass": true,
                  "fail": false,
                  "pending": false,
                  "context": null,
                  "code": "cy.get('.main-content form input[name=\"lastname\"]').should('have.attr', 'placeholder', 'Sobrenome');",
                  "err": {},
                  "uuid": "6c75a344-0898-4b4e-a8a4-245de4e19379",
                  "parentUUID": "11669ba2-23aa-4b3a-8f9d-0ef71fdc7275",
                  "isHook": false,
                  "skipped": false
                },
                {
                  "title": "Esse campo deve estar alinhado a direita do campo de Nome",
                  "fullTitle": "Facebook Signup Crie um campo de entrada de texto para o sobrenome do usuário dentro do formulário criado no requisito 10 Esse campo deve estar alinhado a direita do campo de Nome",
                  "timedOut": null,
                  "duration": 113,
                  "state": "passed",
                  "speed": "slow",
                  "pass": true,
                  "fail": false,
                  "pending": false,
                  "context": null,
                  "code": "checkIsRightOf('.main-content form input[name=\"firstname\"]', '.main-content form input[name=\"lastname\"]');",
                  "err": {},
                  "uuid": "f4001b30-a28d-4ca3-a02e-06d55bca172a",
                  "parentUUID": "11669ba2-23aa-4b3a-8f9d-0ef71fdc7275",
                  "isHook": false,
                  "skipped": false
                }
              ],
              "suites": [],
              "passes": [
                "e23006da-29b6-4ff1-a459-4cfbbef04132",
                "6c75a344-0898-4b4e-a8a4-245de4e19379",
                "f4001b30-a28d-4ca3-a02e-06d55bca172a"
              ],
              "failures": [],
              "pending": [],
              "skipped": [],
              "duration": 456,
              "root": false,
              "rootEmpty": false,
              "_timeout": 2000
            },
            {
              "uuid": "d368f1a9-c97d-4676-b8d4-0a8f0bd22973",
              "title": "Crie um campo de entrada de texto para o celular ou email do usuário dentro do formulário criado no requisito 10",
              "fullFile": "",
              "file": "",
              "beforeHooks": [],
              "afterHooks": [],
              "tests": [
                {
                  "title": "O campo deve ter o atributo name com o valor \"phone_email\"",
                  "fullTitle": "Facebook Signup Crie um campo de entrada de texto para o celular ou email do usuário dentro do formulário criado no requisito 10 O campo deve ter o atributo name com o valor \"phone_email\"",
                  "timedOut": null,
                  "duration": 152,
                  "state": "passed",
                  "speed": "slow",
                  "pass": true,
                  "fail": false,
                  "pending": false,
                  "context": null,
                  "code": "cy.get('.main-content form input[name=\"phone_email\"]').should('exist');",
                  "err": {},
                  "uuid": "8be534a5-6f32-4cf5-9d28-e813e9c37c47",
                  "parentUUID": "d368f1a9-c97d-4676-b8d4-0a8f0bd22973",
                  "isHook": false,
                  "skipped": false
                },
                {
                  "title": "O campo deve ter um placeholder com o valor \"Celular ou email\"",
                  "fullTitle": "Facebook Signup Crie um campo de entrada de texto para o celular ou email do usuário dentro do formulário criado no requisito 10 O campo deve ter um placeholder com o valor \"Celular ou email\"",
                  "timedOut": null,
                  "duration": 122,
                  "state": "passed",
                  "speed": "slow",
                  "pass": true,
                  "fail": false,
                  "pending": false,
                  "context": null,
                  "code": "cy.get('.main-content form input[name=\"phone_email\"]').should('have.attr', 'placeholder', 'Celular ou email');",
                  "err": {},
                  "uuid": "d7f00be2-da36-46b3-af0e-b27253e420b5",
                  "parentUUID": "d368f1a9-c97d-4676-b8d4-0a8f0bd22973",
                  "isHook": false,
                  "skipped": false
                },
                {
                  "title": "Posicione esse campo abaixo do campo do nome do usuário",
                  "fullTitle": "Facebook Signup Crie um campo de entrada de texto para o celular ou email do usuário dentro do formulário criado no requisito 10 Posicione esse campo abaixo do campo do nome do usuário",
                  "timedOut": null,
                  "duration": 154,
                  "state": "passed",
                  "speed": "slow",
                  "pass": true,
                  "fail": false,
                  "pending": false,
                  "context": null,
                  "code": "checkIsBelowOf('.main-content form input[name=\"firstname\"]', '.main-content form input[name=\"phone_email\"]');",
                  "err": {},
                  "uuid": "0b43bed2-ac30-4d8d-9247-ece4be38066b",
                  "parentUUID": "d368f1a9-c97d-4676-b8d4-0a8f0bd22973",
                  "isHook": false,
                  "skipped": false
                }
              ],
              "suites": [],
              "passes": [
                "8be534a5-6f32-4cf5-9d28-e813e9c37c47",
                "d7f00be2-da36-46b3-af0e-b27253e420b5",
                "0b43bed2-ac30-4d8d-9247-ece4be38066b"
              ],
              "failures": [],
              "pending": [],
              "skipped": [],
              "duration": 428,
              "root": false,
              "rootEmpty": false,
              "_timeout": 2000
            },
            {
              "uuid": "07eece12-c3ac-4442-88f0-d89bb8cd1ab4",
              "title": "Crie um campo de entrada para senha do usuário dentro do formulário criado no requisito 10",
              "fullFile": "",
              "file": "",
              "beforeHooks": [],
              "afterHooks": [],
              "tests": [
                {
                  "title": "O campo deve ter o atributo name com o valor \"password\"",
                  "fullTitle": "Facebook Signup Crie um campo de entrada para senha do usuário dentro do formulário criado no requisito 10 O campo deve ter o atributo name com o valor \"password\"",
                  "timedOut": null,
                  "duration": 137,
                  "state": "passed",
                  "speed": "slow",
                  "pass": true,
                  "fail": false,
                  "pending": false,
                  "context": null,
                  "code": "cy.get('.main-content form input[name=\"password\"]').should('exist');",
                  "err": {},
                  "uuid": "7ce58078-f362-4092-a4b3-040a649a053f",
                  "parentUUID": "07eece12-c3ac-4442-88f0-d89bb8cd1ab4",
                  "isHook": false,
                  "skipped": false
                },
                {
                  "title": "O campo deve ser do tipo \"password\"",
                  "fullTitle": "Facebook Signup Crie um campo de entrada para senha do usuário dentro do formulário criado no requisito 10 O campo deve ser do tipo \"password\"",
                  "timedOut": null,
                  "duration": 157,
                  "state": "passed",
                  "speed": "slow",
                  "pass": true,
                  "fail": false,
                  "pending": false,
                  "context": null,
                  "code": "cy.get('.main-content form input[name=\"password\"]').should('have.attr', 'type', 'password');",
                  "err": {},
                  "uuid": "d2e37b4c-5904-4cb5-b595-196f75137a35",
                  "parentUUID": "07eece12-c3ac-4442-88f0-d89bb8cd1ab4",
                  "isHook": false,
                  "skipped": false
                },
                {
                  "title": "O campo deve ter um placeholder com o valor \"Nova senha\"",
                  "fullTitle": "Facebook Signup Crie um campo de entrada para senha do usuário dentro do formulário criado no requisito 10 O campo deve ter um placeholder com o valor \"Nova senha\"",
                  "timedOut": null,
                  "duration": 116,
                  "state": "passed",
                  "speed": "slow",
                  "pass": true,
                  "fail": false,
                  "pending": false,
                  "context": null,
                  "code": "cy.get('.main-content form input[name=\"password\"]').should('have.attr', 'placeholder', 'Nova senha');",
                  "err": {},
                  "uuid": "c5b578e5-6d02-4ea1-a4e1-18cfc64ce883",
                  "parentUUID": "07eece12-c3ac-4442-88f0-d89bb8cd1ab4",
                  "isHook": false,
                  "skipped": false
                },
                {
                  "title": "Posicione esse campo abaixo do celular/email",
                  "fullTitle": "Facebook Signup Crie um campo de entrada para senha do usuário dentro do formulário criado no requisito 10 Posicione esse campo abaixo do celular/email",
                  "timedOut": null,
                  "duration": 176,
                  "state": "passed",
                  "speed": "slow",
                  "pass": true,
                  "fail": false,
                  "pending": false,
                  "context": null,
                  "code": "checkIsBelowOf('.main-content form input[name=\"phone_email\"]', '.main-content form input[name=\"password\"]');",
                  "err": {},
                  "uuid": "dd77c23f-af87-4d42-9f5f-16c703204b9c",
                  "parentUUID": "07eece12-c3ac-4442-88f0-d89bb8cd1ab4",
                  "isHook": false,
                  "skipped": false
                }
              ],
              "suites": [],
              "passes": [
                "7ce58078-f362-4092-a4b3-040a649a053f",
                "d2e37b4c-5904-4cb5-b595-196f75137a35",
                "c5b578e5-6d02-4ea1-a4e1-18cfc64ce883",
                "dd77c23f-af87-4d42-9f5f-16c703204b9c"
              ],
              "failures": [],
              "pending": [],
              "skipped": [],
              "duration": 586,
              "root": false,
              "rootEmpty": false,
              "_timeout": 2000
            },
            {
              "uuid": "b3b458ff-6deb-4dd9-9107-a878a05fd83f",
              "title": "Crie um campo de entrada para data de nascimento do usuário dentro do formulário criado no requisito 10",
              "fullFile": "",
              "file": "",
              "beforeHooks": [],
              "afterHooks": [],
              "tests": [
                {
                  "title": "Um rótulo abaixo do campo nova senha com o id label-birthdate e o texto \"Data de nascimento\" ",
                  "fullTitle": "Facebook Signup Crie um campo de entrada para data de nascimento do usuário dentro do formulário criado no requisito 10 Um rótulo abaixo do campo nova senha com o id label-birthdate e o texto \"Data de nascimento\" ",
                  "timedOut": null,
                  "duration": 124,
                  "state": "passed",
                  "speed": "slow",
                  "pass": true,
                  "fail": false,
                  "pending": false,
                  "context": null,
                  "code": "cy.get('.main-content form label#label-birthdate').contains(BIRTHDATE_TITLE);",
                  "err": {},
                  "uuid": "a362e565-45ff-43f1-b665-95cd886f3582",
                  "parentUUID": "b3b458ff-6deb-4dd9-9107-a878a05fd83f",
                  "isHook": false,
                  "skipped": false
                },
                {
                  "title": "O campo deve ter o atributo name com o valor \"birthdate\"",
                  "fullTitle": "Facebook Signup Crie um campo de entrada para data de nascimento do usuário dentro do formulário criado no requisito 10 O campo deve ter o atributo name com o valor \"birthdate\"",
                  "timedOut": null,
                  "duration": 158,
                  "state": "passed",
                  "speed": "slow",
                  "pass": true,
                  "fail": false,
                  "pending": false,
                  "context": null,
                  "code": "cy.get('.main-content form input[name=\"birthdate\"]').should('exist');",
                  "err": {},
                  "uuid": "b5b57697-d425-4a83-8260-2074e804b5f1",
                  "parentUUID": "b3b458ff-6deb-4dd9-9107-a878a05fd83f",
                  "isHook": false,
                  "skipped": false
                },
                {
                  "title": "O campo deve ter um placeholder com o valor \"dd/mm/aaaa\"",
                  "fullTitle": "Facebook Signup Crie um campo de entrada para data de nascimento do usuário dentro do formulário criado no requisito 10 O campo deve ter um placeholder com o valor \"dd/mm/aaaa\"",
                  "timedOut": null,
                  "duration": 117,
                  "state": "passed",
                  "speed": "slow",
                  "pass": true,
                  "fail": false,
                  "pending": false,
                  "context": null,
                  "code": "cy.get('.main-content form input[name=\"birthdate\"]').should('have.attr', 'placeholder', 'dd/mm/aaaa');",
                  "err": {},
                  "uuid": "0efcc0da-a882-45a4-b66c-f3ad21189f6c",
                  "parentUUID": "b3b458ff-6deb-4dd9-9107-a878a05fd83f",
                  "isHook": false,
                  "skipped": false
                },
                {
                  "title": "Posicione esse campo abaixo do rótulo",
                  "fullTitle": "Facebook Signup Crie um campo de entrada para data de nascimento do usuário dentro do formulário criado no requisito 10 Posicione esse campo abaixo do rótulo",
                  "timedOut": null,
                  "duration": 146,
                  "state": "passed",
                  "speed": "slow",
                  "pass": true,
                  "fail": false,
                  "pending": false,
                  "context": null,
                  "code": "checkIsBelowOf('.main-content form label#label-birthdate', '.main-content form input[name=\"birthdate\"]');",
                  "err": {},
                  "uuid": "a568796a-3fe6-44d5-8a08-b233fdae1c16",
                  "parentUUID": "b3b458ff-6deb-4dd9-9107-a878a05fd83f",
                  "isHook": false,
                  "skipped": false
                }
              ],
              "suites": [],
              "passes": [
                "a362e565-45ff-43f1-b665-95cd886f3582",
                "b5b57697-d425-4a83-8260-2074e804b5f1",
                "0efcc0da-a882-45a4-b66c-f3ad21189f6c",
                "a568796a-3fe6-44d5-8a08-b233fdae1c16"
              ],
              "failures": [],
              "pending": [],
              "skipped": [],
              "duration": 545,
              "root": false,
              "rootEmpty": false,
              "_timeout": 2000
            },
            {
              "uuid": "e92899b4-6b77-494b-867e-1b43e2749d6a",
              "title": "Crie um campo de entrada para gênero do usuário dentro do formulário criado no requisito 10",
              "fullFile": "",
              "file": "",
              "beforeHooks": [],
              "afterHooks": [],
              "tests": [
                {
                  "title": "Um rótulo abaixo do campo nova senha com o id label-gender e o texto \"Gênero\" ",
                  "fullTitle": "Facebook Signup Crie um campo de entrada para gênero do usuário dentro do formulário criado no requisito 10 Um rótulo abaixo do campo nova senha com o id label-gender e o texto \"Gênero\" ",
                  "timedOut": null,
                  "duration": 145,
                  "state": "passed",
                  "speed": "slow",
                  "pass": true,
                  "fail": false,
                  "pending": false,
                  "context": null,
                  "code": "cy.get('.main-content form label#label-gender').contains(GENDER_TITLE);",
                  "err": {},
                  "uuid": "0b09e569-ef7d-4573-ae88-e0e4078c5774",
                  "parentUUID": "e92899b4-6b77-494b-867e-1b43e2749d6a",
                  "isHook": false,
                  "skipped": false
                },
                {
                  "title": "O campo deve ser formado por três `radio buttons` com as opções \"Feminino\", \"Masculino\" e \"Personalizado\"",
                  "fullTitle": "Facebook Signup Crie um campo de entrada para gênero do usuário dentro do formulário criado no requisito 10 O campo deve ser formado por três `radio buttons` com as opções \"Feminino\", \"Masculino\" e \"Personalizado\"",
                  "timedOut": null,
                  "duration": 155,
                  "state": "passed",
                  "speed": "slow",
                  "pass": true,
                  "fail": false,
                  "pending": false,
                  "context": null,
                  "code": "cy.get(\"input[type='radio']\").should(function ($radios) {\n  expect($radios).to.have.length(GENRES.length);\n  $radios.each(function (index, radio) {\n    expect(Cypress.$(radio).val()).to.equal(GENRES[index]);\n  });\n});",
                  "err": {},
                  "uuid": "3691f3aa-39a8-4aa3-916c-a889b4e7fe07",
                  "parentUUID": "e92899b4-6b77-494b-867e-1b43e2749d6a",
                  "isHook": false,
                  "skipped": false
                },
                {
                  "title": "Posicione os radio buttons para ficar na mesma linha",
                  "fullTitle": "Facebook Signup Crie um campo de entrada para gênero do usuário dentro do formulário criado no requisito 10 Posicione os radio buttons para ficar na mesma linha",
                  "timedOut": null,
                  "duration": 117,
                  "state": "passed",
                  "speed": "slow",
                  "pass": true,
                  "fail": false,
                  "pending": false,
                  "context": null,
                  "code": "var topOptions = [];\ncy.get(\"input[type='radio']\").should(function ($radios) {\n  $radios.each(function (index, radio) {\n    topOptions.push(radio.getBoundingClientRect()[\"top\"]);\n  });\n  expect((0, _toConsumableArray2[\"default\"])(new Set(topOptions)).length).to.equal(1);\n});",
                  "err": {},
                  "uuid": "b9bcae79-f5f1-4937-b317-c13a5d4594b9",
                  "parentUUID": "e92899b4-6b77-494b-867e-1b43e2749d6a",
                  "isHook": false,
                  "skipped": false
                },
                {
                  "title": "Posicione os radio buttons para ficar abaixo do label",
                  "fullTitle": "Facebook Signup Crie um campo de entrada para gênero do usuário dentro do formulário criado no requisito 10 Posicione os radio buttons para ficar abaixo do label",
                  "timedOut": null,
                  "duration": 151,
                  "state": "passed",
                  "speed": "slow",
                  "pass": true,
                  "fail": false,
                  "pending": false,
                  "context": null,
                  "code": "cy.document().then(function (doc) {\n  var topOptions = [];\n  var topLabel = evaluateOffset(doc, '.main-content form label#label-gender', 'top');\n  var heightLabel = evaluateOffset(doc, '.main-content form label#label-gender', 'height');\n  cy.get(\"input[type='radio']\").should(function ($radios) {\n    $radios.each(function (index, radio) {\n      topOptions.push(radio.getBoundingClientRect()[\"top\"]);\n    });\n    expect((0, _toConsumableArray2[\"default\"])(new Set(topOptions))[0] > topLabel + heightLabel).to.equal(true);\n  });\n});",
                  "err": {},
                  "uuid": "2a37623b-ebc3-49c3-b18b-9d1340c04127",
                  "parentUUID": "e92899b4-6b77-494b-867e-1b43e2749d6a",
                  "isHook": false,
                  "skipped": false
                }
              ],
              "suites": [],
              "passes": [
                "0b09e569-ef7d-4573-ae88-e0e4078c5774",
                "3691f3aa-39a8-4aa3-916c-a889b4e7fe07",
                "b9bcae79-f5f1-4937-b317-c13a5d4594b9",
                "2a37623b-ebc3-49c3-b18b-9d1340c04127"
              ],
              "failures": [],
              "pending": [],
              "skipped": [],
              "duration": 568,
              "root": false,
              "rootEmpty": false,
              "_timeout": 2000
            },
            {
              "uuid": "8aceaf2c-2c40-4e09-b208-18dc166bcfde",
              "title": "Crie um botão para finalizar o cadastro dentro do formulário criado no requisito 10",
              "fullFile": "",
              "file": "",
              "beforeHooks": [],
              "afterHooks": [],
              "tests": [
                {
                  "title": "Um botão com o texto \"Cadastre-se\" e id \"facebook-register\"",
                  "fullTitle": "Facebook Signup Crie um botão para finalizar o cadastro dentro do formulário criado no requisito 10 Um botão com o texto \"Cadastre-se\" e id \"facebook-register\"",
                  "timedOut": null,
                  "duration": 136,
                  "state": "passed",
                  "speed": "slow",
                  "pass": true,
                  "fail": false,
                  "pending": false,
                  "context": null,
                  "code": "cy.get(REGISTER_BUTTON_SELECTOR).should('exist').should('have.text', 'Cadastre-se');",
                  "err": {},
                  "uuid": "88c7a4f5-f03f-41d6-a74e-ec0da33a19e2",
                  "parentUUID": "8aceaf2c-2c40-4e09-b208-18dc166bcfde",
                  "isHook": false,
                  "skipped": false
                },
                {
                  "title": "Deve ter a propriedade type igual a submit",
                  "fullTitle": "Facebook Signup Crie um botão para finalizar o cadastro dentro do formulário criado no requisito 10 Deve ter a propriedade type igual a submit",
                  "timedOut": null,
                  "duration": 152,
                  "state": "passed",
                  "speed": "slow",
                  "pass": true,
                  "fail": false,
                  "pending": false,
                  "context": null,
                  "code": "cy.get(REGISTER_BUTTON_SELECTOR).should('have.attr', 'type').should('equal', 'submit');",
                  "err": {},
                  "uuid": "ba0f43f4-c870-4b8d-845e-693fae8a0c69",
                  "parentUUID": "8aceaf2c-2c40-4e09-b208-18dc166bcfde",
                  "isHook": false,
                  "skipped": false
                }
              ],
              "suites": [],
              "passes": [
                "88c7a4f5-f03f-41d6-a74e-ec0da33a19e2",
                "ba0f43f4-c870-4b8d-845e-693fae8a0c69"
              ],
              "failures": [],
              "pending": [],
              "skipped": [],
              "duration": 288,
              "root": false,
              "rootEmpty": false,
              "_timeout": 2000
            },
            {
              "uuid": "359e5778-6b5b-415b-8557-02e0740c4fc3",
              "title": "Validar se todos os campos foram preenchidos ao clicar no botão \"Cadastre-se\"",
              "fullFile": "",
              "file": "",
              "beforeHooks": [],
              "afterHooks": [],
              "tests": [
                {
                  "title": "Exibir uma mensagem \"Campos inválidos\" dentro do formulário caso pelo menos um campo não esteja preenchido",
                  "fullTitle": "Facebook Signup Validar se todos os campos foram preenchidos ao clicar no botão \"Cadastre-se\" Exibir uma mensagem \"Campos inválidos\" dentro do formulário caso pelo menos um campo não esteja preenchido",
                  "timedOut": null,
                  "duration": 678,
                  "state": "passed",
                  "speed": "slow",
                  "pass": true,
                  "fail": false,
                  "pending": false,
                  "context": null,
                  "code": "cy.get('input[name=\"firstname\"]').type(\"John\");\ncy.get('input[name=\"lastname\"]').type(\"Doe\");\ncy.get(REGISTER_BUTTON_SELECTOR).click();\ncy.get('.main-content form').contains('Campos inválidos');",
                  "err": {},
                  "uuid": "fb5df2e3-f97d-4163-8ae0-9969f9d5b442",
                  "parentUUID": "359e5778-6b5b-415b-8557-02e0740c4fc3",
                  "isHook": false,
                  "skipped": false
                }
              ],
              "suites": [],
              "passes": [
                "fb5df2e3-f97d-4163-8ae0-9969f9d5b442"
              ],
              "failures": [],
              "pending": [],
              "skipped": [],
              "duration": 678,
              "root": false,
              "rootEmpty": false,
              "_timeout": 2000
            },
            {
              "uuid": "5a6ff5fe-a526-4a32-85cd-49aa5d99297c",
              "title": "Adicione um novo campo de texto no formulário se a pessoa usuária selecionar a opção \"Personalizado\" no campo Gênero",
              "fullFile": "",
              "file": "",
              "beforeHooks": [],
              "afterHooks": [],
              "tests": [
                {
                  "title": "O novo campo dever ser uma campo de texto com o atributo name \"gender-custom\" e um placeholder \"Gênero (opcional)\"",
                  "fullTitle": "Facebook Signup Adicione um novo campo de texto no formulário se a pessoa usuária selecionar a opção \"Personalizado\" no campo Gênero O novo campo dever ser uma campo de texto com o atributo name \"gender-custom\" e um placeholder \"Gênero (opcional)\"",
                  "timedOut": null,
                  "duration": 293,
                  "state": "passed",
                  "speed": "slow",
                  "pass": true,
                  "fail": false,
                  "pending": false,
                  "context": null,
                  "code": "cy.get('input[name=\"gender-custom\"]').should('exist');",
                  "err": {},
                  "uuid": "0d472fc2-9c7f-45da-81b7-500839626b8c",
                  "parentUUID": "5a6ff5fe-a526-4a32-85cd-49aa5d99297c",
                  "isHook": false,
                  "skipped": false
                },
                {
                  "title": "O novo campo deve estar posicionado entre as opções de gênero e o botão \"Cadastrar-se\"",
                  "fullTitle": "Facebook Signup Adicione um novo campo de texto no formulário se a pessoa usuária selecionar a opção \"Personalizado\" no campo Gênero O novo campo deve estar posicionado entre as opções de gênero e o botão \"Cadastrar-se\"",
                  "timedOut": null,
                  "duration": 268,
                  "state": "passed",
                  "speed": "slow",
                  "pass": true,
                  "fail": false,
                  "pending": false,
                  "context": null,
                  "code": "checkIsBelowOf('input[name=\"gender\"]', 'input[name=\"gender-custom\"]');\ncheckIsBelowOf('input[name=\"gender-custom\"]', REGISTER_BUTTON_SELECTOR);",
                  "err": {},
                  "uuid": "10f866bc-b50a-41f5-8857-e06982ff3f13",
                  "parentUUID": "5a6ff5fe-a526-4a32-85cd-49aa5d99297c",
                  "isHook": false,
                  "skipped": false
                }
              ],
              "suites": [],
              "passes": [
                "0d472fc2-9c7f-45da-81b7-500839626b8c",
                "10f866bc-b50a-41f5-8857-e06982ff3f13"
              ],
              "failures": [],
              "pending": [],
              "skipped": [],
              "duration": 561,
              "root": false,
              "rootEmpty": false,
              "_timeout": 2000
            },
            {
              "uuid": "d42c028a-d7a1-40f1-942e-d3e7a2898823",
              "title": "Substituir o conteúdo do container com a classe right-content se o formulário estiver completamente preenchido e validado",
              "fullFile": "",
              "file": "",
              "beforeHooks": [],
              "afterHooks": [],
              "tests": [
                {
                  "title": "Deve haver um texto no modelo \"Olá, Jonh Doe\" (substitua John Doe pelo nome e sobrenome preenchido no formulário)",
                  "fullTitle": "Facebook Signup Substituir o conteúdo do container com a classe right-content se o formulário estiver completamente preenchido e validado Deve haver um texto no modelo \"Olá, Jonh Doe\" (substitua John Doe pelo nome e sobrenome preenchido no formulário)",
                  "timedOut": null,
                  "duration": 1778,
                  "state": "passed",
                  "speed": "slow",
                  "pass": true,
                  "fail": false,
                  "pending": false,
                  "context": null,
                  "code": "cy.get('.main-content .right-content').contains(\"Ol\\xE1, \".concat(firstname, \" \").concat(lastname));",
                  "err": {},
                  "uuid": "74e6ef4c-70e9-4450-bacc-904e005bb14f",
                  "parentUUID": "d42c028a-d7a1-40f1-942e-d3e7a2898823",
                  "isHook": false,
                  "skipped": false
                },
                {
                  "title": "Exibir o e-mail ou telefone",
                  "fullTitle": "Facebook Signup Substituir o conteúdo do container com a classe right-content se o formulário estiver completamente preenchido e validado Exibir o e-mail ou telefone",
                  "timedOut": null,
                  "duration": 1785,
                  "state": "passed",
                  "speed": "slow",
                  "pass": true,
                  "fail": false,
                  "pending": false,
                  "context": null,
                  "code": "cy.get('.main-content .right-content').contains(phoneEmail);",
                  "err": {},
                  "uuid": "810a3bae-854d-4429-8a18-a6fc77484bab",
                  "parentUUID": "d42c028a-d7a1-40f1-942e-d3e7a2898823",
                  "isHook": false,
                  "skipped": false
                },
                {
                  "title": "Não exibir a senha",
                  "fullTitle": "Facebook Signup Substituir o conteúdo do container com a classe right-content se o formulário estiver completamente preenchido e validado Não exibir a senha",
                  "timedOut": null,
                  "duration": 1664,
                  "state": "passed",
                  "speed": "slow",
                  "pass": true,
                  "fail": false,
                  "pending": false,
                  "context": null,
                  "code": "cy.get('.main-content .right-content').should('not.contain', password);",
                  "err": {},
                  "uuid": "d95b9dd6-8644-43b1-bdcd-8e0e0fdd8da9",
                  "parentUUID": "d42c028a-d7a1-40f1-942e-d3e7a2898823",
                  "isHook": false,
                  "skipped": false
                },
                {
                  "title": "Exibir a data de nascimento",
                  "fullTitle": "Facebook Signup Substituir o conteúdo do container com a classe right-content se o formulário estiver completamente preenchido e validado Exibir a data de nascimento",
                  "timedOut": null,
                  "duration": 1932,
                  "state": "passed",
                  "speed": "slow",
                  "pass": true,
                  "fail": false,
                  "pending": false,
                  "context": null,
                  "code": "cy.get('.main-content .right-content').contains(birthdate);",
                  "err": {},
                  "uuid": "5d9a64bf-94e1-4505-a2d0-cd98fb4a9747",
                  "parentUUID": "d42c028a-d7a1-40f1-942e-d3e7a2898823",
                  "isHook": false,
                  "skipped": false
                },
                {
                  "title": "Caso a opção selecionada no campo Gênero seja Feminino exibir \"Feminino\"",
                  "fullTitle": "Facebook Signup Substituir o conteúdo do container com a classe right-content se o formulário estiver completamente preenchido e validado Caso a opção selecionada no campo Gênero seja Feminino exibir \"Feminino\"",
                  "timedOut": null,
                  "duration": 3488,
                  "state": "passed",
                  "speed": "slow",
                  "pass": true,
                  "fail": false,
                  "pending": false,
                  "context": null,
                  "code": "fillForm();\ncy.get('input[name=\"gender\"]').check('Feminino');\ncy.get(REGISTER_BUTTON_SELECTOR).click();\ncy.get('.main-content .right-content').contains('Feminino');",
                  "err": {},
                  "uuid": "6d58d011-bc01-4f1c-9106-72a9327efb06",
                  "parentUUID": "d42c028a-d7a1-40f1-942e-d3e7a2898823",
                  "isHook": false,
                  "skipped": false
                },
                {
                  "title": "Caso a opção selecionada no campo Gênero seja Masculino exibir \"Masculino\"",
                  "fullTitle": "Facebook Signup Substituir o conteúdo do container com a classe right-content se o formulário estiver completamente preenchido e validado Caso a opção selecionada no campo Gênero seja Masculino exibir \"Masculino\"",
                  "timedOut": null,
                  "duration": 3550,
                  "state": "passed",
                  "speed": "slow",
                  "pass": true,
                  "fail": false,
                  "pending": false,
                  "context": null,
                  "code": "fillForm();\ncy.get('input[name=\"gender\"]').check('Masculino');\ncy.get(REGISTER_BUTTON_SELECTOR).click();\ncy.get('.main-content .right-content').contains('Masculino');",
                  "err": {},
                  "uuid": "1f618719-4e82-485d-9c90-2137bf2bb2e0",
                  "parentUUID": "d42c028a-d7a1-40f1-942e-d3e7a2898823",
                  "isHook": false,
                  "skipped": false
                },
                {
                  "title": "Caso a opção selecionada no campo Gênero seja Personalizado exibir \"Personalizado\"",
                  "fullTitle": "Facebook Signup Substituir o conteúdo do container com a classe right-content se o formulário estiver completamente preenchido e validado Caso a opção selecionada no campo Gênero seja Personalizado exibir \"Personalizado\"",
                  "timedOut": null,
                  "duration": 3439,
                  "state": "passed",
                  "speed": "slow",
                  "pass": true,
                  "fail": false,
                  "pending": false,
                  "context": null,
                  "code": "fillForm();\ncy.get('input[name=\"gender\"]').check('Personalizado');\ncy.get(REGISTER_BUTTON_SELECTOR).click();\ncy.get('.main-content .right-content').contains('Personalizado');",
                  "err": {},
                  "uuid": "0ea9f271-6b08-4425-86a2-20acd4005e27",
                  "parentUUID": "d42c028a-d7a1-40f1-942e-d3e7a2898823",
                  "isHook": false,
                  "skipped": false
                }
              ],
              "suites": [],
              "passes": [
                "74e6ef4c-70e9-4450-bacc-904e005bb14f",
                "810a3bae-854d-4429-8a18-a6fc77484bab",
                "d95b9dd6-8644-43b1-bdcd-8e0e0fdd8da9",
                "5d9a64bf-94e1-4505-a2d0-cd98fb4a9747",
                "6d58d011-bc01-4f1c-9106-72a9327efb06",
                "1f618719-4e82-485d-9c90-2137bf2bb2e0",
                "0ea9f271-6b08-4425-86a2-20acd4005e27"
              ],
              "failures": [],
              "pending": [],
              "skipped": [],
              "duration": 17636,
              "root": false,
              "rootEmpty": false,
              "_timeout": 2000
            }
          ],
          "passes": [],
          "failures": [],
          "pending": [],
          "skipped": [],
          "duration": 0,
          "root": false,
          "rootEmpty": false,
          "_timeout": 2000
        }
      ],
      "passes": [],
      "failures": [],
      "pending": [],
      "skipped": [],
      "duration": 0,
      "root": true,
      "rootEmpty": true,
      "_timeout": 2000
    }
  ],
  "meta": {
    "mocha": {
      "version": "7.1.0"
    },
    "mochawesome": {
      "options": {
        "quiet": false,
        "reportFilename": "mochawesome",
        "saveHtml": false,
        "saveJson": true,
        "consoleReporter": "spec",
        "useInlineDiffs": false,
        "code": true
      },
      "version": "5.0.0"
    },
    "marge": {
      "options": {
        "id": "default",
        "reportDir": "cypress/reports",
        "overwrite": true,
        "html": false,
        "json": true
      },
      "version": "4.1.0"
    }
  }
}