{
  "stats": {
    "suites": 21,
    "tests": 59,
    "passes": 31,
    "pending": 0,
    "failures": 28,
    "start": "2020-11-22T23:49:06.748Z",
    "end": "2020-11-22T23:51:13.911Z",
    "duration": 127163,
    "testsRegistered": 68,
    "passPercent": 45.588235294117645,
    "pendingPercent": 0,
    "other": 2,
    "hasOther": true,
    "skipped": 9,
    "hasSkipped": true
  },
  "results": [
    {
      "uuid": "c3a9698e-9ab4-4f01-a085-46534c6ebdb2",
      "title": "",
      "fullFile": "cypress/integration/project.spec.js",
      "file": "cypress/integration/project.spec.js",
      "beforeHooks": [],
      "afterHooks": [],
      "tests": [],
      "suites": [
        {
          "uuid": "cbd40b30-07c1-47bf-97bc-cdcc2c240fe8",
          "title": "Facebook Signup",
          "fullFile": "",
          "file": "",
          "beforeHooks": [],
          "afterHooks": [],
          "tests": [],
          "suites": [
            {
              "uuid": "f097399f-fac8-4b4d-b5ef-d4a6859c7c63",
              "title": "Crie uma barra azul na parte superior da página com a classe top-bar",
              "fullFile": "",
              "file": "",
              "beforeHooks": [],
              "afterHooks": [],
              "tests": [
                {
                  "title": "Esta barra deve possuir a classe top-bar",
                  "fullTitle": "Facebook Signup Crie uma barra azul na parte superior da página com a classe top-bar Esta barra deve possuir a classe top-bar",
                  "timedOut": null,
                  "duration": 758,
                  "state": "passed",
                  "speed": "slow",
                  "pass": true,
                  "fail": false,
                  "pending": false,
                  "context": null,
                  "code": "cy.get(TOP_BAR_SELECTOR).should('exist');",
                  "err": {},
                  "uuid": "babd2ecb-967e-4f62-a522-17602df8f1cc",
                  "parentUUID": "f097399f-fac8-4b4d-b5ef-d4a6859c7c63",
                  "isHook": false,
                  "skipped": false
                },
                {
                  "title": "A classe top-bar deve determinar que o elemento é um flex container",
                  "fullTitle": "Facebook Signup Crie uma barra azul na parte superior da página com a classe top-bar A classe top-bar deve determinar que o elemento é um flex container",
                  "timedOut": null,
                  "duration": 179,
                  "state": "passed",
                  "speed": "slow",
                  "pass": true,
                  "fail": false,
                  "pending": false,
                  "context": null,
                  "code": "cy.get(TOP_BAR_SELECTOR).should('have.css', 'display', 'flex');",
                  "err": {},
                  "uuid": "d3abf773-722f-41d2-846e-924f9e110563",
                  "parentUUID": "f097399f-fac8-4b4d-b5ef-d4a6859c7c63",
                  "isHook": false,
                  "skipped": false
                },
                {
                  "title": "A classe top-bar deve possuir a propriedade `background-color: rgb(66, 103, 178)`",
                  "fullTitle": "Facebook Signup Crie uma barra azul na parte superior da página com a classe top-bar A classe top-bar deve possuir a propriedade `background-color: rgb(66, 103, 178)`",
                  "timedOut": null,
                  "duration": 188,
                  "state": "passed",
                  "speed": "slow",
                  "pass": true,
                  "fail": false,
                  "pending": false,
                  "context": null,
                  "code": "cy.get(TOP_BAR_SELECTOR).should('have.css', 'background-color', 'rgb(66, 103, 178)');",
                  "err": {},
                  "uuid": "b276e85d-07bc-49b0-a84b-9948063b1665",
                  "parentUUID": "f097399f-fac8-4b4d-b5ef-d4a6859c7c63",
                  "isHook": false,
                  "skipped": false
                }
              ],
              "suites": [],
              "passes": [
                "babd2ecb-967e-4f62-a522-17602df8f1cc",
                "d3abf773-722f-41d2-846e-924f9e110563",
                "b276e85d-07bc-49b0-a84b-9948063b1665"
              ],
              "failures": [],
              "pending": [],
              "skipped": [],
              "duration": 1125,
              "root": false,
              "rootEmpty": false,
              "_timeout": 2000
            },
            {
              "uuid": "26c8b109-36dd-496c-b9ab-cf72465b26da",
              "title": "A barra superior deve conter o logotipo do Facebook no canto esquerdo com a classe facebook-logo",
              "fullFile": "",
              "file": "",
              "beforeHooks": [],
              "afterHooks": [],
              "tests": [
                {
                  "title": "O logotipo deve estar alinhado a esquerda dentro da barra azul",
                  "fullTitle": "Facebook Signup A barra superior deve conter o logotipo do Facebook no canto esquerdo com a classe facebook-logo O logotipo deve estar alinhado a esquerda dentro da barra azul",
                  "timedOut": null,
                  "duration": 4499,
                  "state": "failed",
                  "speed": null,
                  "pass": false,
                  "fail": true,
                  "pending": false,
                  "context": null,
                  "code": "cy.get(FACEBOOK_LOGOTIPO_SELECTOR).should('be.leftAligned', '.top-bar');",
                  "err": {
                    "message": "CypressError: Timed out retrying: expected .facebook-logo to be left aligned with .top-bar",
                    "estack": "CypressError: Timed out retrying: expected .facebook-logo to be left aligned with .top-bar\n    at cypressErr (http://localhost:35787/__cypress/runner/cypress_runner.js:138036:9)\n    at throwErr (http://localhost:35787/__cypress/runner/cypress_runner.js:137969:11)\n    at Object.throwErrByPath (http://localhost:35787/__cypress/runner/cypress_runner.js:138017:3)\n    at retry (http://localhost:35787/__cypress/runner/cypress_runner.js:132299:19)\n    at onFailFn (http://localhost:35787/__cypress/runner/cypress_runner.js:120514:16)\n    at tryCatcher (http://localhost:35787/__cypress/runner/cypress_runner.js:164895:23)\n    at Promise._settlePromiseFromHandler (http://localhost:35787/__cypress/runner/cypress_runner.js:162831:31)\n    at Promise._settlePromise (http://localhost:35787/__cypress/runner/cypress_runner.js:162888:18)\n    at Promise._settlePromise0 (http://localhost:35787/__cypress/runner/cypress_runner.js:162933:10)\n    at Promise._settlePromises (http://localhost:35787/__cypress/runner/cypress_runner.js:163008:18)\n    at Async../node_modules/bluebird/js/release/async.js.Async._drainQueue (http://localhost:35787/__cypress/runner/cypress_runner.js:159620:16)\n    at Async../node_modules/bluebird/js/release/async.js.Async._drainQueues (http://localhost:35787/__cypress/runner/cypress_runner.js:159630:10)\n    at Async.drainQueues (http://localhost:35787/__cypress/runner/cypress_runner.js:159504:14)",
                    "diff": null
                  },
                  "uuid": "933c0180-faa7-4bc5-90c0-b4f8eface46f",
                  "parentUUID": "26c8b109-36dd-496c-b9ab-cf72465b26da",
                  "isHook": false,
                  "skipped": false
                },
                {
                  "title": "Deve existir um elemento img com a classe facebook-logo",
                  "fullTitle": "Facebook Signup A barra superior deve conter o logotipo do Facebook no canto esquerdo com a classe facebook-logo Deve existir um elemento img com a classe facebook-logo",
                  "timedOut": null,
                  "duration": 318,
                  "state": "passed",
                  "speed": "slow",
                  "pass": true,
                  "fail": false,
                  "pending": false,
                  "context": null,
                  "code": "cy.get(FACEBOOK_LOGOTIPO_SELECTOR).should('exist');",
                  "err": {},
                  "uuid": "5e68e1b3-80f3-4680-8c4c-c757d3438bfb",
                  "parentUUID": "26c8b109-36dd-496c-b9ab-cf72465b26da",
                  "isHook": false,
                  "skipped": false
                },
                {
                  "title": "O atributo src do logotipo deve apontar para imgs/facebook-logo.png",
                  "fullTitle": "Facebook Signup A barra superior deve conter o logotipo do Facebook no canto esquerdo com a classe facebook-logo O atributo src do logotipo deve apontar para imgs/facebook-logo.png",
                  "timedOut": null,
                  "duration": 283,
                  "state": "passed",
                  "speed": "slow",
                  "pass": true,
                  "fail": false,
                  "pending": false,
                  "context": null,
                  "code": "cy.get(FACEBOOK_LOGOTIPO_SELECTOR).should('have.attr', 'src').should('equal', 'imgs/facebook-logo.png');",
                  "err": {},
                  "uuid": "74b5bf33-e21e-44f4-aadd-64b8ab753771",
                  "parentUUID": "26c8b109-36dd-496c-b9ab-cf72465b26da",
                  "isHook": false,
                  "skipped": false
                }
              ],
              "suites": [],
              "passes": [
                "5e68e1b3-80f3-4680-8c4c-c757d3438bfb",
                "74b5bf33-e21e-44f4-aadd-64b8ab753771"
              ],
              "failures": [
                "933c0180-faa7-4bc5-90c0-b4f8eface46f"
              ],
              "pending": [],
              "skipped": [],
              "duration": 5100,
              "root": false,
              "rootEmpty": false,
              "_timeout": 2000
            },
            {
              "uuid": "14f3a88b-5a54-44e5-b566-119051f72fbb",
              "title": "A barra superior deve conter um formulário de autenticação no canto direito",
              "fullFile": "",
              "file": "",
              "beforeHooks": [],
              "afterHooks": [],
              "tests": [
                {
                  "title": "O formulário deve estar alinhado a direita dentro da barra azul",
                  "fullTitle": "Facebook Signup A barra superior deve conter um formulário de autenticação no canto direito O formulário deve estar alinhado a direita dentro da barra azul",
                  "timedOut": null,
                  "duration": 4362,
                  "state": "failed",
                  "speed": null,
                  "pass": false,
                  "fail": true,
                  "pending": false,
                  "context": null,
                  "code": "cy.get(FACEBOOK_LOGIN_FORM_SELECTOR).should('be.rightAligned', '.top-bar');",
                  "err": {
                    "message": "CypressError: Timed out retrying: expected form.facebook-login to be right aligned with .top-bar",
                    "estack": "CypressError: Timed out retrying: expected form.facebook-login to be right aligned with .top-bar\n    at cypressErr (http://localhost:35787/__cypress/runner/cypress_runner.js:138036:9)\n    at throwErr (http://localhost:35787/__cypress/runner/cypress_runner.js:137969:11)\n    at Object.throwErrByPath (http://localhost:35787/__cypress/runner/cypress_runner.js:138017:3)\n    at retry (http://localhost:35787/__cypress/runner/cypress_runner.js:132299:19)\n    at onFailFn (http://localhost:35787/__cypress/runner/cypress_runner.js:120514:16)\n    at tryCatcher (http://localhost:35787/__cypress/runner/cypress_runner.js:164895:23)\n    at Promise._settlePromiseFromHandler (http://localhost:35787/__cypress/runner/cypress_runner.js:162831:31)\n    at Promise._settlePromise (http://localhost:35787/__cypress/runner/cypress_runner.js:162888:18)\n    at Promise._settlePromise0 (http://localhost:35787/__cypress/runner/cypress_runner.js:162933:10)\n    at Promise._settlePromises (http://localhost:35787/__cypress/runner/cypress_runner.js:163008:18)\n    at Async../node_modules/bluebird/js/release/async.js.Async._drainQueue (http://localhost:35787/__cypress/runner/cypress_runner.js:159620:16)\n    at Async../node_modules/bluebird/js/release/async.js.Async._drainQueues (http://localhost:35787/__cypress/runner/cypress_runner.js:159630:10)\n    at Async.drainQueues (http://localhost:35787/__cypress/runner/cypress_runner.js:159504:14)",
                    "diff": null
                  },
                  "uuid": "3924baf3-88a6-424b-aab5-e8c9a91d5d87",
                  "parentUUID": "14f3a88b-5a54-44e5-b566-119051f72fbb",
                  "isHook": false,
                  "skipped": false
                },
                {
                  "title": "Existe formulário possui uma classe chamada facebook-login",
                  "fullTitle": "Facebook Signup A barra superior deve conter um formulário de autenticação no canto direito Existe formulário possui uma classe chamada facebook-login",
                  "timedOut": null,
                  "duration": 514,
                  "state": "passed",
                  "speed": "slow",
                  "pass": true,
                  "fail": false,
                  "pending": false,
                  "context": null,
                  "code": "cy.get(FACEBOOK_LOGIN_FORM_SELECTOR).should('exist');",
                  "err": {},
                  "uuid": "d2df8734-d349-40b1-ac83-6f61349cd996",
                  "parentUUID": "14f3a88b-5a54-44e5-b566-119051f72fbb",
                  "isHook": false,
                  "skipped": false
                },
                {
                  "title": "O formulário deve ser um flex container",
                  "fullTitle": "Facebook Signup A barra superior deve conter um formulário de autenticação no canto direito O formulário deve ser um flex container",
                  "timedOut": null,
                  "duration": 323,
                  "state": "passed",
                  "speed": "slow",
                  "pass": true,
                  "fail": false,
                  "pending": false,
                  "context": null,
                  "code": "cy.get(FACEBOOK_LOGIN_FORM_SELECTOR).should('have.css', 'display', 'flex');",
                  "err": {},
                  "uuid": "66f64760-b8cd-403a-8b2a-5665c3dbc71c",
                  "parentUUID": "14f3a88b-5a54-44e5-b566-119051f72fbb",
                  "isHook": false,
                  "skipped": false
                }
              ],
              "suites": [],
              "passes": [
                "d2df8734-d349-40b1-ac83-6f61349cd996",
                "66f64760-b8cd-403a-8b2a-5665c3dbc71c"
              ],
              "failures": [
                "3924baf3-88a6-424b-aab5-e8c9a91d5d87"
              ],
              "pending": [],
              "skipped": [],
              "duration": 5199,
              "root": false,
              "rootEmpty": false,
              "_timeout": 2000
            },
            {
              "uuid": "3dc6def8-63ea-4155-b747-bcd7b671a8d1",
              "title": "Crie uma classe no CSS chamada form-group",
              "fullFile": "",
              "file": "",
              "beforeHooks": [],
              "afterHooks": [],
              "tests": [
                {
                  "title": "Essa classe deve possuir a propriedade `diplay: flex`",
                  "fullTitle": "Facebook Signup Crie uma classe no CSS chamada form-group Essa classe deve possuir a propriedade `diplay: flex`",
                  "timedOut": null,
                  "duration": 348,
                  "state": "passed",
                  "speed": "slow",
                  "pass": true,
                  "fail": false,
                  "pending": false,
                  "context": null,
                  "code": "cy.get('.form-group').should('have.css', 'display', 'flex');",
                  "err": {},
                  "uuid": "f8431752-6a8d-44d6-8ffa-c2c3ff089706",
                  "parentUUID": "3dc6def8-63ea-4155-b747-bcd7b671a8d1",
                  "isHook": false,
                  "skipped": false
                },
                {
                  "title": "Alinhe o eixo principal dessa classe para ser o eixo vertical",
                  "fullTitle": "Facebook Signup Crie uma classe no CSS chamada form-group Alinhe o eixo principal dessa classe para ser o eixo vertical",
                  "timedOut": null,
                  "duration": 204,
                  "state": "passed",
                  "speed": "slow",
                  "pass": true,
                  "fail": false,
                  "pending": false,
                  "context": null,
                  "code": "cy.get('.form-group').should('have.css', 'flex-direction', 'column');",
                  "err": {},
                  "uuid": "21f0c9e8-3a94-4d12-9156-2f66deb30922",
                  "parentUUID": "3dc6def8-63ea-4155-b747-bcd7b671a8d1",
                  "isHook": false,
                  "skipped": false
                }
              ],
              "suites": [],
              "passes": [
                "f8431752-6a8d-44d6-8ffa-c2c3ff089706",
                "21f0c9e8-3a94-4d12-9156-2f66deb30922"
              ],
              "failures": [],
              "pending": [],
              "skipped": [],
              "duration": 552,
              "root": false,
              "rootEmpty": false,
              "_timeout": 2000
            },
            {
              "uuid": "62f5272f-ea29-44e4-8572-73170d3306cd",
              "title": "Adicione o primeiro subcontainer com a classe form-group para agrupar o rótulo e campo \"E-mail ou telefone\" dentro do formulário criado na etapa 3",
              "fullFile": "",
              "file": "",
              "beforeHooks": [],
              "afterHooks": [],
              "tests": [
                {
                  "title": "Deve haver um container utilizando a classe `form-group` criada no passo anterior",
                  "fullTitle": "Facebook Signup Adicione o primeiro subcontainer com a classe form-group para agrupar o rótulo e campo \"E-mail ou telefone\" dentro do formulário criado na etapa 3 Deve haver um container utilizando a classe `form-group` criada no passo anterior",
                  "timedOut": null,
                  "duration": 194,
                  "state": "passed",
                  "speed": "slow",
                  "pass": true,
                  "fail": false,
                  "pending": false,
                  "context": null,
                  "code": "cy.get('form.facebook-login').children().first().should('exist').should('have.class', 'form-group');",
                  "err": {},
                  "uuid": "ad310daf-c007-4822-b9f9-388342fbbb8a",
                  "parentUUID": "62f5272f-ea29-44e4-8572-73170d3306cd",
                  "isHook": false,
                  "skipped": false
                },
                {
                  "title": "Dentro do container `form-group` criado, deve haver um rótulo com o id user-email-phone-label e o texto \"Email ou telefone\"",
                  "fullTitle": "Facebook Signup Adicione o primeiro subcontainer com a classe form-group para agrupar o rótulo e campo \"E-mail ou telefone\" dentro do formulário criado na etapa 3 Dentro do container `form-group` criado, deve haver um rótulo com o id user-email-phone-label e o texto \"Email ou telefone\"",
                  "timedOut": null,
                  "duration": 138,
                  "state": "passed",
                  "speed": "slow",
                  "pass": true,
                  "fail": false,
                  "pending": false,
                  "context": null,
                  "code": "cy.get(USER_IDENTIFIER_LABEL_SELECTOR).parent().should('have.class', 'form-group');\ncy.get(USER_IDENTIFIER_LABEL_SELECTOR).should('exist').should('have.text', USER_IDENTIFIER_LABEL_TEXT_SELECTOR);",
                  "err": {},
                  "uuid": "a25ec153-8619-43e8-a565-7cad4a2563fb",
                  "parentUUID": "62f5272f-ea29-44e4-8572-73170d3306cd",
                  "isHook": false,
                  "skipped": false
                },
                {
                  "title": "Dentro do container `form-group` criado, abaixo do rótulo deve haver campo de entrada de texto para receber o email ou o telefone do usuário com o id user-email-phone",
                  "fullTitle": "Facebook Signup Adicione o primeiro subcontainer com a classe form-group para agrupar o rótulo e campo \"E-mail ou telefone\" dentro do formulário criado na etapa 3 Dentro do container `form-group` criado, abaixo do rótulo deve haver campo de entrada de texto para receber o email ou o telefone do usuário com o id user-email-phone",
                  "timedOut": null,
                  "duration": 162,
                  "state": "passed",
                  "speed": "slow",
                  "pass": true,
                  "fail": false,
                  "pending": false,
                  "context": null,
                  "code": "cy.get(USER_IDENTIFIER_INPUT_SELECTOR).should('exist');\ncy.get(USER_IDENTIFIER_INPUT_SELECTOR).parent().should('have.class', 'form-group');\ncheckIsBelowOf(USER_IDENTIFIER_LABEL_SELECTOR, USER_IDENTIFIER_INPUT_SELECTOR);",
                  "err": {},
                  "uuid": "c0b0a787-6d31-4b5f-b4fd-3f7f38b62047",
                  "parentUUID": "62f5272f-ea29-44e4-8572-73170d3306cd",
                  "isHook": false,
                  "skipped": false
                }
              ],
              "suites": [],
              "passes": [
                "ad310daf-c007-4822-b9f9-388342fbbb8a",
                "a25ec153-8619-43e8-a565-7cad4a2563fb",
                "c0b0a787-6d31-4b5f-b4fd-3f7f38b62047"
              ],
              "failures": [],
              "pending": [],
              "skipped": [],
              "duration": 494,
              "root": false,
              "rootEmpty": false,
              "_timeout": 2000
            },
            {
              "uuid": "922d5de8-6fbd-413e-a8ed-eedbcee6d367",
              "title": "Adicione o segundo subcontainer com a classe form-group para agrupar o rótulo e campo \"Senha\" dentro do formulário criado na etapa 3",
              "fullFile": "",
              "file": "",
              "beforeHooks": [],
              "afterHooks": [],
              "tests": [
                {
                  "title": "Deve haver um novo container utilizando a classe `form-group` criada no passo 4",
                  "fullTitle": "Facebook Signup Adicione o segundo subcontainer com a classe form-group para agrupar o rótulo e campo \"Senha\" dentro do formulário criado na etapa 3 Deve haver um novo container utilizando a classe `form-group` criada no passo 4",
                  "timedOut": null,
                  "duration": 188,
                  "state": "passed",
                  "speed": "slow",
                  "pass": true,
                  "fail": false,
                  "pending": false,
                  "context": null,
                  "code": "cy.get(\"form.facebook-login > .form-group\").eq(1).should('exist');",
                  "err": {},
                  "uuid": "c7310bd0-e7a7-4ac9-8fd4-e9e98047a8b2",
                  "parentUUID": "922d5de8-6fbd-413e-a8ed-eedbcee6d367",
                  "isHook": false,
                  "skipped": false
                },
                {
                  "title": "Dentro do novo container `form-group` criado, deve haver um rótulo com o id user-password-label e o texto \"Senha\"",
                  "fullTitle": "Facebook Signup Adicione o segundo subcontainer com a classe form-group para agrupar o rótulo e campo \"Senha\" dentro do formulário criado na etapa 3 Dentro do novo container `form-group` criado, deve haver um rótulo com o id user-password-label e o texto \"Senha\"",
                  "timedOut": null,
                  "duration": 295,
                  "state": "passed",
                  "speed": "slow",
                  "pass": true,
                  "fail": false,
                  "pending": false,
                  "context": null,
                  "code": "cy.get(\"form.facebook-login .form-group label#user-password-label\").should('exist').should('have.text', USER_PASSWORD_LABEL_TEXT_SELECTOR);",
                  "err": {},
                  "uuid": "fee0c3c2-ebfb-4579-8fd4-24db38e122ed",
                  "parentUUID": "922d5de8-6fbd-413e-a8ed-eedbcee6d367",
                  "isHook": false,
                  "skipped": false
                },
                {
                  "title": "Dentro do novo container `form-group` criado, abaixo do rótulo deve haver campo de entrada para senha com o id user-password",
                  "fullTitle": "Facebook Signup Adicione o segundo subcontainer com a classe form-group para agrupar o rótulo e campo \"Senha\" dentro do formulário criado na etapa 3 Dentro do novo container `form-group` criado, abaixo do rótulo deve haver campo de entrada para senha com o id user-password",
                  "timedOut": null,
                  "duration": 193,
                  "state": "passed",
                  "speed": "slow",
                  "pass": true,
                  "fail": false,
                  "pending": false,
                  "context": null,
                  "code": "cy.get(\"form.facebook-login .form-group input#user-password\").should('exist');\ncheckIsBelowOf(USER_PASSWORD_LABEL_SELECTOR, USER_PASSWORD_INPUT_SELECTOR);",
                  "err": {},
                  "uuid": "13272da9-4058-4d1f-8a01-ad4d8f30643b",
                  "parentUUID": "922d5de8-6fbd-413e-a8ed-eedbcee6d367",
                  "isHook": false,
                  "skipped": false
                }
              ],
              "suites": [],
              "passes": [
                "c7310bd0-e7a7-4ac9-8fd4-e9e98047a8b2",
                "fee0c3c2-ebfb-4579-8fd4-24db38e122ed",
                "13272da9-4058-4d1f-8a01-ad4d8f30643b"
              ],
              "failures": [],
              "pending": [],
              "skipped": [],
              "duration": 676,
              "root": false,
              "rootEmpty": false,
              "_timeout": 2000
            },
            {
              "uuid": "f672c8ce-e720-4d88-9333-3f914125d54a",
              "title": "Adicione o terceiro subcontainer com a classe form-control com o botão \"Entrar\" dentro do formulário criado na etapa 3",
              "fullFile": "",
              "file": "",
              "beforeHooks": [],
              "afterHooks": [],
              "tests": [
                {
                  "title": "Deve haver um novo container utilizando a classe `form-control` criada no passo anterior`",
                  "fullTitle": "Facebook Signup Adicione o terceiro subcontainer com a classe form-control com o botão \"Entrar\" dentro do formulário criado na etapa 3 Deve haver um novo container utilizando a classe `form-control` criada no passo anterior`",
                  "timedOut": null,
                  "duration": 316,
                  "state": "passed",
                  "speed": "slow",
                  "pass": true,
                  "fail": false,
                  "pending": false,
                  "context": null,
                  "code": "cy.get(\"form.facebook-login > .form-control\").eq(0).should('exist');",
                  "err": {},
                  "uuid": "a7db348d-9a1e-4323-96fa-899bccb6445d",
                  "parentUUID": "f672c8ce-e720-4d88-9333-3f914125d54a",
                  "isHook": false,
                  "skipped": false
                },
                {
                  "title": "Crie uma classe no CSS form-control com a propriedade `align-self: flex-end`",
                  "fullTitle": "Facebook Signup Adicione o terceiro subcontainer com a classe form-control com o botão \"Entrar\" dentro do formulário criado na etapa 3 Crie uma classe no CSS form-control com a propriedade `align-self: flex-end`",
                  "timedOut": null,
                  "duration": 176,
                  "state": "passed",
                  "speed": "slow",
                  "pass": true,
                  "fail": false,
                  "pending": false,
                  "context": null,
                  "code": "cy.get('.form-control').should('have.css', 'align-self', 'flex-end');",
                  "err": {},
                  "uuid": "c4dc8cea-b255-4ad8-bec0-f20ecd22c55c",
                  "parentUUID": "f672c8ce-e720-4d88-9333-3f914125d54a",
                  "isHook": false,
                  "skipped": false
                },
                {
                  "title": "Dentro do novo container `form-control` criado, deve haver um botão com o id \"button-login\" e o texto \"Entrar\"",
                  "fullTitle": "Facebook Signup Adicione o terceiro subcontainer com a classe form-control com o botão \"Entrar\" dentro do formulário criado na etapa 3 Dentro do novo container `form-control` criado, deve haver um botão com o id \"button-login\" e o texto \"Entrar\"",
                  "timedOut": null,
                  "duration": 200,
                  "state": "passed",
                  "speed": "slow",
                  "pass": true,
                  "fail": false,
                  "pending": false,
                  "context": null,
                  "code": "cy.get(\"form.facebook-login .form-control #button-login\").should('exist').should('have.text', 'Entrar');",
                  "err": {},
                  "uuid": "a29a494b-ddaf-441e-8642-5c403305e8d0",
                  "parentUUID": "f672c8ce-e720-4d88-9333-3f914125d54a",
                  "isHook": false,
                  "skipped": false
                },
                {
                  "title": "O botão deve estar alinhado a direita do campo de entrada para senha",
                  "fullTitle": "Facebook Signup Adicione o terceiro subcontainer com a classe form-control com o botão \"Entrar\" dentro do formulário criado na etapa 3 O botão deve estar alinhado a direita do campo de entrada para senha",
                  "timedOut": null,
                  "duration": 236,
                  "state": "passed",
                  "speed": "slow",
                  "pass": true,
                  "fail": false,
                  "pending": false,
                  "context": null,
                  "code": "checkIsRightOf(USER_PASSWORD_INPUT_SELECTOR, USER_LOGIN_BUTTON_SELECTOR);",
                  "err": {},
                  "uuid": "f4518f3f-18ec-4e64-9421-99c89cad8a9e",
                  "parentUUID": "f672c8ce-e720-4d88-9333-3f914125d54a",
                  "isHook": false,
                  "skipped": false
                },
                {
                  "title": "Ao clicar no botão com o id #button-login deve exibir um alert com o valor do campo \"Email ou telefone\"",
                  "fullTitle": "Facebook Signup Adicione o terceiro subcontainer com a classe form-control com o botão \"Entrar\" dentro do formulário criado na etapa 3 Ao clicar no botão com o id #button-login deve exibir um alert com o valor do campo \"Email ou telefone\"",
                  "timedOut": null,
                  "duration": 796,
                  "state": "passed",
                  "speed": "slow",
                  "pass": true,
                  "fail": false,
                  "pending": false,
                  "context": null,
                  "code": "var content = 'my-user';\nvar alerted = false;\ncy.on('window:alert', function (text) {\n  expect(text).to.equal(content);\n  alerted = true;\n});\ncy.get(USER_IDENTIFIER_INPUT_SELECTOR).type(content);\ncy.get(USER_LOGIN_BUTTON_SELECTOR).should('exist').should('have.text', 'Entrar').click().then(function () {\n  expect(alerted).to.eq(true);\n});",
                  "err": {},
                  "uuid": "f96143d4-1936-4cca-baf8-28bf81f857e2",
                  "parentUUID": "f672c8ce-e720-4d88-9333-3f914125d54a",
                  "isHook": false,
                  "skipped": false
                }
              ],
              "suites": [],
              "passes": [
                "a7db348d-9a1e-4323-96fa-899bccb6445d",
                "c4dc8cea-b255-4ad8-bec0-f20ecd22c55c",
                "a29a494b-ddaf-441e-8642-5c403305e8d0",
                "f4518f3f-18ec-4e64-9421-99c89cad8a9e",
                "f96143d4-1936-4cca-baf8-28bf81f857e2"
              ],
              "failures": [],
              "pending": [],
              "skipped": [],
              "duration": 1724,
              "root": false,
              "rootEmpty": false,
              "_timeout": 2000
            },
            {
              "uuid": "268648eb-501d-445d-a6c9-c87b4324bb3e",
              "title": "Crie um container com a classe main-content abaixo da barra azul para agrupar o conteúdo principal da página",
              "fullFile": "",
              "file": "",
              "beforeHooks": [],
              "afterHooks": [],
              "tests": [
                {
                  "title": "Crie um elemento com a classe main-content",
                  "fullTitle": "Facebook Signup Crie um container com a classe main-content abaixo da barra azul para agrupar o conteúdo principal da página Crie um elemento com a classe main-content",
                  "timedOut": null,
                  "duration": 137,
                  "state": "passed",
                  "speed": "slow",
                  "pass": true,
                  "fail": false,
                  "pending": false,
                  "context": null,
                  "code": "cy.get('.main-content').should('exist');",
                  "err": {},
                  "uuid": "bce868ca-81ad-403f-b620-a790221c5db9",
                  "parentUUID": "268648eb-501d-445d-a6c9-c87b4324bb3e",
                  "isHook": false,
                  "skipped": false
                },
                {
                  "title": "O elemento deve ser um flex container no eixo horizontal",
                  "fullTitle": "Facebook Signup Crie um container com a classe main-content abaixo da barra azul para agrupar o conteúdo principal da página O elemento deve ser um flex container no eixo horizontal",
                  "timedOut": null,
                  "duration": 186,
                  "state": "passed",
                  "speed": "slow",
                  "pass": true,
                  "fail": false,
                  "pending": false,
                  "context": null,
                  "code": "cy.get('.main-content').should('have.css', 'display', 'flex').should('have.css', 'flex-direction', 'row');",
                  "err": {},
                  "uuid": "54de362b-bd82-49be-8651-7e010e0150cd",
                  "parentUUID": "268648eb-501d-445d-a6c9-c87b4324bb3e",
                  "isHook": false,
                  "skipped": false
                },
                {
                  "title": "O elemento deve posicionado abaixo da barra azul",
                  "fullTitle": "Facebook Signup Crie um container com a classe main-content abaixo da barra azul para agrupar o conteúdo principal da página O elemento deve posicionado abaixo da barra azul",
                  "timedOut": null,
                  "duration": 182,
                  "state": "passed",
                  "speed": "slow",
                  "pass": true,
                  "fail": false,
                  "pending": false,
                  "context": null,
                  "code": "checkIsBelowOf('.top-bar', '.main-content');",
                  "err": {},
                  "uuid": "1a573714-9f2d-4570-b753-43417628e498",
                  "parentUUID": "268648eb-501d-445d-a6c9-c87b4324bb3e",
                  "isHook": false,
                  "skipped": false
                }
              ],
              "suites": [],
              "passes": [
                "bce868ca-81ad-403f-b620-a790221c5db9",
                "54de362b-bd82-49be-8651-7e010e0150cd",
                "1a573714-9f2d-4570-b753-43417628e498"
              ],
              "failures": [],
              "pending": [],
              "skipped": [],
              "duration": 505,
              "root": false,
              "rootEmpty": false,
              "_timeout": 2000
            },
            {
              "uuid": "4e93c83c-9644-48aa-832f-1374b4d29612",
              "title": "Crie um subcontainer com a classe left-content para colocar o conteúdo do lado esquerdo dentro do container com a classe main-content",
              "fullFile": "",
              "file": "",
              "beforeHooks": [],
              "afterHooks": [],
              "tests": [
                {
                  "title": "O subcontainer deve ter a classe left-content",
                  "fullTitle": "Facebook Signup Crie um subcontainer com a classe left-content para colocar o conteúdo do lado esquerdo dentro do container com a classe main-content O subcontainer deve ter a classe left-content",
                  "timedOut": null,
                  "duration": 171,
                  "state": "passed",
                  "speed": "slow",
                  "pass": true,
                  "fail": false,
                  "pending": false,
                  "context": null,
                  "code": "cy.get('.main-content > .left-content').should('exist');",
                  "err": {},
                  "uuid": "84f10537-a285-47a6-99a9-1ddff7822242",
                  "parentUUID": "4e93c83c-9644-48aa-832f-1374b4d29612",
                  "isHook": false,
                  "skipped": false
                },
                {
                  "title": "A classe left-content deve ter uma largura de 800px",
                  "fullTitle": "Facebook Signup Crie um subcontainer com a classe left-content para colocar o conteúdo do lado esquerdo dentro do container com a classe main-content A classe left-content deve ter uma largura de 800px",
                  "timedOut": null,
                  "duration": 183,
                  "state": "passed",
                  "speed": "slow",
                  "pass": true,
                  "fail": false,
                  "pending": false,
                  "context": null,
                  "code": "cy.get('.main-content > .left-content').should('have.css', 'width', '800px');",
                  "err": {},
                  "uuid": "bcad8cfb-253a-4c9b-9d27-f12cb1a78f7b",
                  "parentUUID": "4e93c83c-9644-48aa-832f-1374b4d29612",
                  "isHook": false,
                  "skipped": false
                },
                {
                  "title": "Dentro do container com a classe left-content deve existir um parágrafo com id facebook-slogan e o texto \"O Facebook ajuda você a se conectar e compartilhar com as pessoas que fazem parte da sua vida.\"",
                  "fullTitle": "Facebook Signup Crie um subcontainer com a classe left-content para colocar o conteúdo do lado esquerdo dentro do container com a classe main-content Dentro do container com a classe left-content deve existir um parágrafo com id facebook-slogan e o texto \"O Facebook ajuda você a se conectar e compartilhar com as pessoas que fazem parte da sua vida.\"",
                  "timedOut": null,
                  "duration": 172,
                  "state": "passed",
                  "speed": "slow",
                  "pass": true,
                  "fail": false,
                  "pending": false,
                  "context": null,
                  "code": "cy.get('.main-content > .left-content #facebook-slogan').should('exist').contains(FACEBOOK_SLOGAN);",
                  "err": {},
                  "uuid": "37fb5ba8-2668-44c3-8196-ddf7ed7f8f33",
                  "parentUUID": "4e93c83c-9644-48aa-832f-1374b4d29612",
                  "isHook": false,
                  "skipped": false
                },
                {
                  "title": "Dentro do container com a classe left-content deve existir abaixo do parágrafo com id facebook-slogan uma imagem com id facebook-networking e o src com o endereço `imgs/networking.png`.",
                  "fullTitle": "Facebook Signup Crie um subcontainer com a classe left-content para colocar o conteúdo do lado esquerdo dentro do container com a classe main-content Dentro do container com a classe left-content deve existir abaixo do parágrafo com id facebook-slogan uma imagem com id facebook-networking e o src com o endereço `imgs/networking.png`.",
                  "timedOut": null,
                  "duration": 229,
                  "state": "passed",
                  "speed": "slow",
                  "pass": true,
                  "fail": false,
                  "pending": false,
                  "context": null,
                  "code": "cy.get('.main-content > .left-content img#facebook-networking').should('exist').should('have.attr', 'src', 'imgs/networking.png');\ncheckIsBelowOf(FACEBOOK_SLOGAN_SELECTOR, FACEBOOK_NETWORKING_IMG_SELECTOR);",
                  "err": {},
                  "uuid": "1c701c27-54d0-4348-a43c-0d0a8c976f74",
                  "parentUUID": "4e93c83c-9644-48aa-832f-1374b4d29612",
                  "isHook": false,
                  "skipped": false
                }
              ],
              "suites": [],
              "passes": [
                "84f10537-a285-47a6-99a9-1ddff7822242",
                "bcad8cfb-253a-4c9b-9d27-f12cb1a78f7b",
                "37fb5ba8-2668-44c3-8196-ddf7ed7f8f33",
                "1c701c27-54d0-4348-a43c-0d0a8c976f74"
              ],
              "failures": [],
              "pending": [],
              "skipped": [],
              "duration": 755,
              "root": false,
              "rootEmpty": false,
              "_timeout": 2000
            },
            {
              "uuid": "5bd9a291-85e9-4a2a-a942-18565ab6b85c",
              "title": "Crie um subcontainer com a classe right-content para colocar o conteúdo do lado direito dentro do container com a classe main-content",
              "fullFile": "",
              "file": "",
              "beforeHooks": [],
              "afterHooks": [],
              "tests": [
                {
                  "title": "O novo subcontainer deve ter a classe right-content",
                  "fullTitle": "Facebook Signup Crie um subcontainer com a classe right-content para colocar o conteúdo do lado direito dentro do container com a classe main-content O novo subcontainer deve ter a classe right-content",
                  "timedOut": null,
                  "duration": 232,
                  "state": "passed",
                  "speed": "slow",
                  "pass": true,
                  "fail": false,
                  "pending": false,
                  "context": null,
                  "code": "cy.get('.main-content > .right-content').should('exist');",
                  "err": {},
                  "uuid": "a0a94df5-efe2-4627-bc83-1f802b8c26fb",
                  "parentUUID": "5bd9a291-85e9-4a2a-a942-18565ab6b85c",
                  "isHook": false,
                  "skipped": false
                },
                {
                  "title": "A classe right-content deve ter uma largura de 300px",
                  "fullTitle": "Facebook Signup Crie um subcontainer com a classe right-content para colocar o conteúdo do lado direito dentro do container com a classe main-content A classe right-content deve ter uma largura de 300px",
                  "timedOut": null,
                  "duration": 197,
                  "state": "passed",
                  "speed": "slow",
                  "pass": true,
                  "fail": false,
                  "pending": false,
                  "context": null,
                  "code": "cy.get('.main-content > .right-content').should('have.css', 'width', '300px');",
                  "err": {},
                  "uuid": "df2ef0e3-e716-4a7f-99ba-311336eb461a",
                  "parentUUID": "5bd9a291-85e9-4a2a-a942-18565ab6b85c",
                  "isHook": false,
                  "skipped": false
                },
                {
                  "title": "Utilize na classe main-content a propriedade justify-content com o valor mais apropriado para alinhar os conteúdos",
                  "fullTitle": "Facebook Signup Crie um subcontainer com a classe right-content para colocar o conteúdo do lado direito dentro do container com a classe main-content Utilize na classe main-content a propriedade justify-content com o valor mais apropriado para alinhar os conteúdos",
                  "timedOut": null,
                  "duration": 170,
                  "state": "passed",
                  "speed": "slow",
                  "pass": true,
                  "fail": false,
                  "pending": false,
                  "context": null,
                  "code": "cy.get('.main-content').should('have.css', 'justify-content');",
                  "err": {},
                  "uuid": "fd742367-059b-4b32-9ec7-75d5cdadd6ab",
                  "parentUUID": "5bd9a291-85e9-4a2a-a942-18565ab6b85c",
                  "isHook": false,
                  "skipped": false
                },
                {
                  "title": "Dentro do subcontainer com a classe right-content deve existir um elemento h1 com o texto \"Abra uma conta\"",
                  "fullTitle": "Facebook Signup Crie um subcontainer com a classe right-content para colocar o conteúdo do lado direito dentro do container com a classe main-content Dentro do subcontainer com a classe right-content deve existir um elemento h1 com o texto \"Abra uma conta\"",
                  "timedOut": null,
                  "duration": 4434,
                  "state": "failed",
                  "speed": null,
                  "pass": false,
                  "fail": true,
                  "pending": false,
                  "context": null,
                  "code": "cy.get('.main-content > .right-content h1').contains(OPEN_ACCOUNT_MESSAGE);",
                  "err": {
                    "message": "CypressError: Timed out retrying: Expected to find element: '.main-content > .right-content h1', but never found it.",
                    "estack": "CypressError: Timed out retrying: Expected to find element: '.main-content > .right-content h1', but never found it.\n    at cypressErr (http://localhost:35787/__cypress/runner/cypress_runner.js:138036:9)\n    at throwErr (http://localhost:35787/__cypress/runner/cypress_runner.js:137969:11)\n    at Object.throwErrByPath (http://localhost:35787/__cypress/runner/cypress_runner.js:138017:3)\n    at retry (http://localhost:35787/__cypress/runner/cypress_runner.js:132299:19)\n    at onFailFn (http://localhost:35787/__cypress/runner/cypress_runner.js:120514:16)\n    at tryCatcher (http://localhost:35787/__cypress/runner/cypress_runner.js:164895:23)\n    at Promise._settlePromiseFromHandler (http://localhost:35787/__cypress/runner/cypress_runner.js:162831:31)\n    at Promise._settlePromise (http://localhost:35787/__cypress/runner/cypress_runner.js:162888:18)\n    at Promise._settlePromise0 (http://localhost:35787/__cypress/runner/cypress_runner.js:162933:10)\n    at Promise._settlePromises (http://localhost:35787/__cypress/runner/cypress_runner.js:163008:18)\n    at Async../node_modules/bluebird/js/release/async.js.Async._drainQueue (http://localhost:35787/__cypress/runner/cypress_runner.js:159620:16)\n    at Async../node_modules/bluebird/js/release/async.js.Async._drainQueues (http://localhost:35787/__cypress/runner/cypress_runner.js:159630:10)\n    at Async.drainQueues (http://localhost:35787/__cypress/runner/cypress_runner.js:159504:14)",
                    "diff": null
                  },
                  "uuid": "05e0b951-50c5-449c-9a8f-c1c4b8811bbc",
                  "parentUUID": "5bd9a291-85e9-4a2a-a942-18565ab6b85c",
                  "isHook": false,
                  "skipped": false
                },
                {
                  "title": "Dentro do subcontainer com a classe right-content deve existir um elemento com a classe quick-easy com o texto \"É rápido e fácil.\" posicionado abaixo do texto \"Abra uma conta\"",
                  "fullTitle": "Facebook Signup Crie um subcontainer com a classe right-content para colocar o conteúdo do lado direito dentro do container com a classe main-content Dentro do subcontainer com a classe right-content deve existir um elemento com a classe quick-easy com o texto \"É rápido e fácil.\" posicionado abaixo do texto \"Abra uma conta\"",
                  "timedOut": null,
                  "duration": 4788,
                  "state": "failed",
                  "speed": null,
                  "pass": false,
                  "fail": true,
                  "pending": false,
                  "context": null,
                  "code": "cy.get('.main-content > .right-content .quick-easy').should('exist').contains(QUICK_AND_SIMPLE_MESSAGE);\ncheckIsBelowOf('.main-content > .right-content h1', '.main-content > .right-content .quick-easy');",
                  "err": {
                    "message": "CypressError: Timed out retrying: Expected to find element: '.main-content > .right-content .quick-easy', but never found it.",
                    "estack": "CypressError: Timed out retrying: Expected to find element: '.main-content > .right-content .quick-easy', but never found it.\n    at cypressErr (http://localhost:35787/__cypress/runner/cypress_runner.js:138036:9)\n    at throwErr (http://localhost:35787/__cypress/runner/cypress_runner.js:137969:11)\n    at Object.throwErrByPath (http://localhost:35787/__cypress/runner/cypress_runner.js:138017:3)\n    at retry (http://localhost:35787/__cypress/runner/cypress_runner.js:132299:19)\n    at onFailFn (http://localhost:35787/__cypress/runner/cypress_runner.js:120514:16)\n    at tryCatcher (http://localhost:35787/__cypress/runner/cypress_runner.js:164895:23)\n    at Promise._settlePromiseFromHandler (http://localhost:35787/__cypress/runner/cypress_runner.js:162831:31)\n    at Promise._settlePromise (http://localhost:35787/__cypress/runner/cypress_runner.js:162888:18)\n    at Promise._settlePromise0 (http://localhost:35787/__cypress/runner/cypress_runner.js:162933:10)\n    at Promise._settlePromises (http://localhost:35787/__cypress/runner/cypress_runner.js:163008:18)\n    at Async../node_modules/bluebird/js/release/async.js.Async._drainQueue (http://localhost:35787/__cypress/runner/cypress_runner.js:159620:16)\n    at Async../node_modules/bluebird/js/release/async.js.Async._drainQueues (http://localhost:35787/__cypress/runner/cypress_runner.js:159630:10)\n    at Async.drainQueues (http://localhost:35787/__cypress/runner/cypress_runner.js:159504:14)",
                    "diff": null
                  },
                  "uuid": "1082d724-979e-42d1-a3c0-001316fba80a",
                  "parentUUID": "5bd9a291-85e9-4a2a-a942-18565ab6b85c",
                  "isHook": false,
                  "skipped": false
                },
                {
                  "title": "Dentro do subcontainer com a classe right-content deve existir um elemento form abaixo do texto \"É rápido e fácil.\"",
                  "fullTitle": "Facebook Signup Crie um subcontainer com a classe right-content para colocar o conteúdo do lado direito dentro do container com a classe main-content Dentro do subcontainer com a classe right-content deve existir um elemento form abaixo do texto \"É rápido e fácil.\"",
                  "timedOut": null,
                  "duration": 4432,
                  "state": "failed",
                  "speed": null,
                  "pass": false,
                  "fail": true,
                  "pending": false,
                  "context": null,
                  "code": "cy.get('.main-content > .right-content form').should('exist');\ncheckIsBelowOf('.main-content > .right-content .quick-easy', '.main-content > .right-content form');",
                  "err": {
                    "message": "CypressError: Timed out retrying: Expected to find element: '.main-content > .right-content form', but never found it.",
                    "estack": "CypressError: Timed out retrying: Expected to find element: '.main-content > .right-content form', but never found it.\n    at cypressErr (http://localhost:35787/__cypress/runner/cypress_runner.js:138036:9)\n    at throwErr (http://localhost:35787/__cypress/runner/cypress_runner.js:137969:11)\n    at Object.throwErrByPath (http://localhost:35787/__cypress/runner/cypress_runner.js:138017:3)\n    at retry (http://localhost:35787/__cypress/runner/cypress_runner.js:132299:19)\n    at onFailFn (http://localhost:35787/__cypress/runner/cypress_runner.js:120514:16)\n    at tryCatcher (http://localhost:35787/__cypress/runner/cypress_runner.js:164895:23)\n    at Promise._settlePromiseFromHandler (http://localhost:35787/__cypress/runner/cypress_runner.js:162831:31)\n    at Promise._settlePromise (http://localhost:35787/__cypress/runner/cypress_runner.js:162888:18)\n    at Promise._settlePromise0 (http://localhost:35787/__cypress/runner/cypress_runner.js:162933:10)\n    at Promise._settlePromises (http://localhost:35787/__cypress/runner/cypress_runner.js:163008:18)\n    at Async../node_modules/bluebird/js/release/async.js.Async._drainQueue (http://localhost:35787/__cypress/runner/cypress_runner.js:159620:16)\n    at Async../node_modules/bluebird/js/release/async.js.Async._drainQueues (http://localhost:35787/__cypress/runner/cypress_runner.js:159630:10)\n    at Async.drainQueues (http://localhost:35787/__cypress/runner/cypress_runner.js:159504:14)",
                    "diff": null
                  },
                  "uuid": "866664fd-6918-4095-80a3-2649ea1f0361",
                  "parentUUID": "5bd9a291-85e9-4a2a-a942-18565ab6b85c",
                  "isHook": false,
                  "skipped": false
                },
                {
                  "title": "O elemento com a classe right-content deve estar a direita do elemento com a classe left-content",
                  "fullTitle": "Facebook Signup Crie um subcontainer com a classe right-content para colocar o conteúdo do lado direito dentro do container com a classe main-content O elemento com a classe right-content deve estar a direita do elemento com a classe left-content",
                  "timedOut": null,
                  "duration": 260,
                  "state": "passed",
                  "speed": "slow",
                  "pass": true,
                  "fail": false,
                  "pending": false,
                  "context": null,
                  "code": "checkIsRightOf('.main-content > .left-content', '.main-content > .right-content');",
                  "err": {},
                  "uuid": "9bce2959-f703-45e6-9b10-2dd1ecce41f1",
                  "parentUUID": "5bd9a291-85e9-4a2a-a942-18565ab6b85c",
                  "isHook": false,
                  "skipped": false
                }
              ],
              "suites": [],
              "passes": [
                "a0a94df5-efe2-4627-bc83-1f802b8c26fb",
                "df2ef0e3-e716-4a7f-99ba-311336eb461a",
                "fd742367-059b-4b32-9ec7-75d5cdadd6ab",
                "9bce2959-f703-45e6-9b10-2dd1ecce41f1"
              ],
              "failures": [
                "05e0b951-50c5-449c-9a8f-c1c4b8811bbc",
                "1082d724-979e-42d1-a3c0-001316fba80a",
                "866664fd-6918-4095-80a3-2649ea1f0361"
              ],
              "pending": [],
              "skipped": [],
              "duration": 14513,
              "root": false,
              "rootEmpty": false,
              "_timeout": 2000
            },
            {
              "uuid": "211d7ad8-662c-4122-9f2a-e5d46b5b46a5",
              "title": "Crie um campo de entrada de texto para o nome do usuário dentro do formulário criado no requisito 10",
              "fullFile": "",
              "file": "",
              "beforeHooks": [],
              "afterHooks": [],
              "tests": [
                {
                  "title": "O campo deve ter o atributo name com o valor \"firstname\"",
                  "fullTitle": "Facebook Signup Crie um campo de entrada de texto para o nome do usuário dentro do formulário criado no requisito 10 O campo deve ter o atributo name com o valor \"firstname\"",
                  "timedOut": null,
                  "duration": 4493,
                  "state": "failed",
                  "speed": null,
                  "pass": false,
                  "fail": true,
                  "pending": false,
                  "context": null,
                  "code": "cy.get('.main-content form input[name=\"firstname\"]').should('exist');",
                  "err": {
                    "message": "CypressError: Timed out retrying: Expected to find element: '.main-content form input[name=\"firstname\"]', but never found it.",
                    "estack": "CypressError: Timed out retrying: Expected to find element: '.main-content form input[name=\"firstname\"]', but never found it.\n    at cypressErr (http://localhost:35787/__cypress/runner/cypress_runner.js:138036:9)\n    at throwErr (http://localhost:35787/__cypress/runner/cypress_runner.js:137969:11)\n    at Object.throwErrByPath (http://localhost:35787/__cypress/runner/cypress_runner.js:138017:3)\n    at retry (http://localhost:35787/__cypress/runner/cypress_runner.js:132299:19)\n    at onFailFn (http://localhost:35787/__cypress/runner/cypress_runner.js:120514:16)\n    at tryCatcher (http://localhost:35787/__cypress/runner/cypress_runner.js:164895:23)\n    at Promise._settlePromiseFromHandler (http://localhost:35787/__cypress/runner/cypress_runner.js:162831:31)\n    at Promise._settlePromise (http://localhost:35787/__cypress/runner/cypress_runner.js:162888:18)\n    at Promise._settlePromise0 (http://localhost:35787/__cypress/runner/cypress_runner.js:162933:10)\n    at Promise._settlePromises (http://localhost:35787/__cypress/runner/cypress_runner.js:163008:18)\n    at Async../node_modules/bluebird/js/release/async.js.Async._drainQueue (http://localhost:35787/__cypress/runner/cypress_runner.js:159620:16)\n    at Async../node_modules/bluebird/js/release/async.js.Async._drainQueues (http://localhost:35787/__cypress/runner/cypress_runner.js:159630:10)\n    at Async.drainQueues (http://localhost:35787/__cypress/runner/cypress_runner.js:159504:14)",
                    "diff": null
                  },
                  "uuid": "8b91f62a-baf2-439b-9581-90c3b8493c47",
                  "parentUUID": "211d7ad8-662c-4122-9f2a-e5d46b5b46a5",
                  "isHook": false,
                  "skipped": false
                },
                {
                  "title": "O campo deve ter um placeholder com o valor \"Nome\"",
                  "fullTitle": "Facebook Signup Crie um campo de entrada de texto para o nome do usuário dentro do formulário criado no requisito 10 O campo deve ter um placeholder com o valor \"Nome\"",
                  "timedOut": null,
                  "duration": 4642,
                  "state": "failed",
                  "speed": null,
                  "pass": false,
                  "fail": true,
                  "pending": false,
                  "context": null,
                  "code": "cy.get('.main-content form input[name=\"firstname\"]').should('have.attr', 'placeholder', 'Nome');",
                  "err": {
                    "message": "CypressError: Timed out retrying: Expected to find element: '.main-content form input[name=\"firstname\"]', but never found it.",
                    "estack": "CypressError: Timed out retrying: Expected to find element: '.main-content form input[name=\"firstname\"]', but never found it.\n    at cypressErr (http://localhost:35787/__cypress/runner/cypress_runner.js:138036:9)\n    at throwErr (http://localhost:35787/__cypress/runner/cypress_runner.js:137969:11)\n    at Object.throwErrByPath (http://localhost:35787/__cypress/runner/cypress_runner.js:138017:3)\n    at retry (http://localhost:35787/__cypress/runner/cypress_runner.js:132299:19)\n    at onFailFn (http://localhost:35787/__cypress/runner/cypress_runner.js:120514:16)\n    at tryCatcher (http://localhost:35787/__cypress/runner/cypress_runner.js:164895:23)\n    at Promise._settlePromiseFromHandler (http://localhost:35787/__cypress/runner/cypress_runner.js:162831:31)\n    at Promise._settlePromise (http://localhost:35787/__cypress/runner/cypress_runner.js:162888:18)\n    at Promise._settlePromise0 (http://localhost:35787/__cypress/runner/cypress_runner.js:162933:10)\n    at Promise._settlePromises (http://localhost:35787/__cypress/runner/cypress_runner.js:163008:18)\n    at Async../node_modules/bluebird/js/release/async.js.Async._drainQueue (http://localhost:35787/__cypress/runner/cypress_runner.js:159620:16)\n    at Async../node_modules/bluebird/js/release/async.js.Async._drainQueues (http://localhost:35787/__cypress/runner/cypress_runner.js:159630:10)\n    at Async.drainQueues (http://localhost:35787/__cypress/runner/cypress_runner.js:159504:14)",
                    "diff": null
                  },
                  "uuid": "e9917afc-c244-4670-974e-363546cc3a28",
                  "parentUUID": "211d7ad8-662c-4122-9f2a-e5d46b5b46a5",
                  "isHook": false,
                  "skipped": false
                }
              ],
              "suites": [],
              "passes": [],
              "failures": [
                "8b91f62a-baf2-439b-9581-90c3b8493c47",
                "e9917afc-c244-4670-974e-363546cc3a28"
              ],
              "pending": [],
              "skipped": [],
              "duration": 9135,
              "root": false,
              "rootEmpty": false,
              "_timeout": 2000
            },
            {
              "uuid": "7be02a45-d8bc-4ab7-ae94-e3502383ef20",
              "title": "Crie um campo de entrada de texto para o sobrenome do usuário dentro do formulário criado no requisito 10",
              "fullFile": "",
              "file": "",
              "beforeHooks": [],
              "afterHooks": [],
              "tests": [
                {
                  "title": "O campo deve ter o atributo name com o valor \"lastname\"",
                  "fullTitle": "Facebook Signup Crie um campo de entrada de texto para o sobrenome do usuário dentro do formulário criado no requisito 10 O campo deve ter o atributo name com o valor \"lastname\"",
                  "timedOut": null,
                  "duration": 4524,
                  "state": "failed",
                  "speed": null,
                  "pass": false,
                  "fail": true,
                  "pending": false,
                  "context": null,
                  "code": "cy.get('.main-content form input[name=\"lastname\"]').should('exist');",
                  "err": {
                    "message": "CypressError: Timed out retrying: Expected to find element: '.main-content form input[name=\"lastname\"]', but never found it.",
                    "estack": "CypressError: Timed out retrying: Expected to find element: '.main-content form input[name=\"lastname\"]', but never found it.\n    at cypressErr (http://localhost:35787/__cypress/runner/cypress_runner.js:138036:9)\n    at throwErr (http://localhost:35787/__cypress/runner/cypress_runner.js:137969:11)\n    at Object.throwErrByPath (http://localhost:35787/__cypress/runner/cypress_runner.js:138017:3)\n    at retry (http://localhost:35787/__cypress/runner/cypress_runner.js:132299:19)\n    at onFailFn (http://localhost:35787/__cypress/runner/cypress_runner.js:120514:16)\n    at tryCatcher (http://localhost:35787/__cypress/runner/cypress_runner.js:164895:23)\n    at Promise._settlePromiseFromHandler (http://localhost:35787/__cypress/runner/cypress_runner.js:162831:31)\n    at Promise._settlePromise (http://localhost:35787/__cypress/runner/cypress_runner.js:162888:18)\n    at Promise._settlePromise0 (http://localhost:35787/__cypress/runner/cypress_runner.js:162933:10)\n    at Promise._settlePromises (http://localhost:35787/__cypress/runner/cypress_runner.js:163008:18)\n    at Async../node_modules/bluebird/js/release/async.js.Async._drainQueue (http://localhost:35787/__cypress/runner/cypress_runner.js:159620:16)\n    at Async../node_modules/bluebird/js/release/async.js.Async._drainQueues (http://localhost:35787/__cypress/runner/cypress_runner.js:159630:10)\n    at Async.drainQueues (http://localhost:35787/__cypress/runner/cypress_runner.js:159504:14)",
                    "diff": null
                  },
                  "uuid": "94ae4ed9-d789-4251-9087-511a35910bb5",
                  "parentUUID": "7be02a45-d8bc-4ab7-ae94-e3502383ef20",
                  "isHook": false,
                  "skipped": false
                },
                {
                  "title": "O campo deve ter um placeholder com o valor \"Sobrenome\"",
                  "fullTitle": "Facebook Signup Crie um campo de entrada de texto para o sobrenome do usuário dentro do formulário criado no requisito 10 O campo deve ter um placeholder com o valor \"Sobrenome\"",
                  "timedOut": null,
                  "duration": 4528,
                  "state": "failed",
                  "speed": null,
                  "pass": false,
                  "fail": true,
                  "pending": false,
                  "context": null,
                  "code": "cy.get('.main-content form input[name=\"lastname\"]').should('have.attr', 'placeholder', 'Sobrenome');",
                  "err": {
                    "message": "CypressError: Timed out retrying: Expected to find element: '.main-content form input[name=\"lastname\"]', but never found it.",
                    "estack": "CypressError: Timed out retrying: Expected to find element: '.main-content form input[name=\"lastname\"]', but never found it.\n    at cypressErr (http://localhost:35787/__cypress/runner/cypress_runner.js:138036:9)\n    at throwErr (http://localhost:35787/__cypress/runner/cypress_runner.js:137969:11)\n    at Object.throwErrByPath (http://localhost:35787/__cypress/runner/cypress_runner.js:138017:3)\n    at retry (http://localhost:35787/__cypress/runner/cypress_runner.js:132299:19)\n    at onFailFn (http://localhost:35787/__cypress/runner/cypress_runner.js:120514:16)\n    at tryCatcher (http://localhost:35787/__cypress/runner/cypress_runner.js:164895:23)\n    at Promise._settlePromiseFromHandler (http://localhost:35787/__cypress/runner/cypress_runner.js:162831:31)\n    at Promise._settlePromise (http://localhost:35787/__cypress/runner/cypress_runner.js:162888:18)\n    at Promise._settlePromise0 (http://localhost:35787/__cypress/runner/cypress_runner.js:162933:10)\n    at Promise._settlePromises (http://localhost:35787/__cypress/runner/cypress_runner.js:163008:18)\n    at Async../node_modules/bluebird/js/release/async.js.Async._drainQueue (http://localhost:35787/__cypress/runner/cypress_runner.js:159620:16)\n    at Async../node_modules/bluebird/js/release/async.js.Async._drainQueues (http://localhost:35787/__cypress/runner/cypress_runner.js:159630:10)\n    at Async.drainQueues (http://localhost:35787/__cypress/runner/cypress_runner.js:159504:14)",
                    "diff": null
                  },
                  "uuid": "6540e979-583e-4117-a003-9cb1251e15d2",
                  "parentUUID": "7be02a45-d8bc-4ab7-ae94-e3502383ef20",
                  "isHook": false,
                  "skipped": false
                },
                {
                  "title": "Esse campo deve estar alinhado a direita do campo de Nome",
                  "fullTitle": "Facebook Signup Crie um campo de entrada de texto para o sobrenome do usuário dentro do formulário criado no requisito 10 Esse campo deve estar alinhado a direita do campo de Nome",
                  "timedOut": null,
                  "duration": 701,
                  "state": "failed",
                  "speed": null,
                  "pass": false,
                  "fail": true,
                  "pending": false,
                  "context": null,
                  "code": "checkIsRightOf('.main-content form input[name=\"firstname\"]', '.main-content form input[name=\"lastname\"]');",
                  "err": {
                    "message": "TypeError: Cannot read property 'getBoundingClientRect' of null",
                    "estack": "TypeError: Cannot read property 'getBoundingClientRect' of null\n    at evaluateOffset (http://localhost:35787/__cypress/tests?p=cypress/integration/project.spec.js-300:81:37)\n    at Context.<anonymous> (http://localhost:35787/__cypress/tests?p=cypress/integration/project.spec.js-300:87:13)",
                    "diff": null
                  },
                  "uuid": "437a88cc-9eed-421d-b076-a35588ee86a3",
                  "parentUUID": "7be02a45-d8bc-4ab7-ae94-e3502383ef20",
                  "isHook": false,
                  "skipped": false
                }
              ],
              "suites": [],
              "passes": [],
              "failures": [
                "94ae4ed9-d789-4251-9087-511a35910bb5",
                "6540e979-583e-4117-a003-9cb1251e15d2",
                "437a88cc-9eed-421d-b076-a35588ee86a3"
              ],
              "pending": [],
              "skipped": [],
              "duration": 9753,
              "root": false,
              "rootEmpty": false,
              "_timeout": 2000
            },
            {
              "uuid": "7fc7cfca-1e39-4b24-97ff-611ab002198a",
              "title": "Crie um campo de entrada de texto para o celular ou email do usuário dentro do formulário criado no requisito 10",
              "fullFile": "",
              "file": "",
              "beforeHooks": [],
              "afterHooks": [],
              "tests": [
                {
                  "title": "O campo deve ter o atributo name com o valor \"phone_email\"",
                  "fullTitle": "Facebook Signup Crie um campo de entrada de texto para o celular ou email do usuário dentro do formulário criado no requisito 10 O campo deve ter o atributo name com o valor \"phone_email\"",
                  "timedOut": null,
                  "duration": 4748,
                  "state": "failed",
                  "speed": null,
                  "pass": false,
                  "fail": true,
                  "pending": false,
                  "context": null,
                  "code": "cy.get('.main-content form input[name=\"phone_email\"]').should('exist');",
                  "err": {
                    "message": "CypressError: Timed out retrying: Expected to find element: '.main-content form input[name=\"phone_email\"]', but never found it.",
                    "estack": "CypressError: Timed out retrying: Expected to find element: '.main-content form input[name=\"phone_email\"]', but never found it.\n    at cypressErr (http://localhost:35787/__cypress/runner/cypress_runner.js:138036:9)\n    at throwErr (http://localhost:35787/__cypress/runner/cypress_runner.js:137969:11)\n    at Object.throwErrByPath (http://localhost:35787/__cypress/runner/cypress_runner.js:138017:3)\n    at retry (http://localhost:35787/__cypress/runner/cypress_runner.js:132299:19)\n    at onFailFn (http://localhost:35787/__cypress/runner/cypress_runner.js:120514:16)\n    at tryCatcher (http://localhost:35787/__cypress/runner/cypress_runner.js:164895:23)\n    at Promise._settlePromiseFromHandler (http://localhost:35787/__cypress/runner/cypress_runner.js:162831:31)\n    at Promise._settlePromise (http://localhost:35787/__cypress/runner/cypress_runner.js:162888:18)\n    at Promise._settlePromise0 (http://localhost:35787/__cypress/runner/cypress_runner.js:162933:10)\n    at Promise._settlePromises (http://localhost:35787/__cypress/runner/cypress_runner.js:163008:18)\n    at Async../node_modules/bluebird/js/release/async.js.Async._drainQueue (http://localhost:35787/__cypress/runner/cypress_runner.js:159620:16)\n    at Async../node_modules/bluebird/js/release/async.js.Async._drainQueues (http://localhost:35787/__cypress/runner/cypress_runner.js:159630:10)\n    at Async.drainQueues (http://localhost:35787/__cypress/runner/cypress_runner.js:159504:14)",
                    "diff": null
                  },
                  "uuid": "4e77ab5b-3a3d-4aa6-9c1e-6bfcd9700758",
                  "parentUUID": "7fc7cfca-1e39-4b24-97ff-611ab002198a",
                  "isHook": false,
                  "skipped": false
                },
                {
                  "title": "O campo deve ter um placeholder com o valor \"Celular ou email\"",
                  "fullTitle": "Facebook Signup Crie um campo de entrada de texto para o celular ou email do usuário dentro do formulário criado no requisito 10 O campo deve ter um placeholder com o valor \"Celular ou email\"",
                  "timedOut": null,
                  "duration": 4754,
                  "state": "failed",
                  "speed": null,
                  "pass": false,
                  "fail": true,
                  "pending": false,
                  "context": null,
                  "code": "cy.get('.main-content form input[name=\"phone_email\"]').should('have.attr', 'placeholder', 'Celular ou email');",
                  "err": {
                    "message": "CypressError: Timed out retrying: Expected to find element: '.main-content form input[name=\"phone_email\"]', but never found it.",
                    "estack": "CypressError: Timed out retrying: Expected to find element: '.main-content form input[name=\"phone_email\"]', but never found it.\n    at cypressErr (http://localhost:35787/__cypress/runner/cypress_runner.js:138036:9)\n    at throwErr (http://localhost:35787/__cypress/runner/cypress_runner.js:137969:11)\n    at Object.throwErrByPath (http://localhost:35787/__cypress/runner/cypress_runner.js:138017:3)\n    at retry (http://localhost:35787/__cypress/runner/cypress_runner.js:132299:19)\n    at onFailFn (http://localhost:35787/__cypress/runner/cypress_runner.js:120514:16)\n    at tryCatcher (http://localhost:35787/__cypress/runner/cypress_runner.js:164895:23)\n    at Promise._settlePromiseFromHandler (http://localhost:35787/__cypress/runner/cypress_runner.js:162831:31)\n    at Promise._settlePromise (http://localhost:35787/__cypress/runner/cypress_runner.js:162888:18)\n    at Promise._settlePromise0 (http://localhost:35787/__cypress/runner/cypress_runner.js:162933:10)\n    at Promise._settlePromises (http://localhost:35787/__cypress/runner/cypress_runner.js:163008:18)\n    at Async../node_modules/bluebird/js/release/async.js.Async._drainQueue (http://localhost:35787/__cypress/runner/cypress_runner.js:159620:16)\n    at Async../node_modules/bluebird/js/release/async.js.Async._drainQueues (http://localhost:35787/__cypress/runner/cypress_runner.js:159630:10)\n    at Async.drainQueues (http://localhost:35787/__cypress/runner/cypress_runner.js:159504:14)",
                    "diff": null
                  },
                  "uuid": "5da32b42-966e-46ea-8682-ec313fc354ad",
                  "parentUUID": "7fc7cfca-1e39-4b24-97ff-611ab002198a",
                  "isHook": false,
                  "skipped": false
                },
                {
                  "title": "Posicione esse campo abaixo do campo do nome do usuário",
                  "fullTitle": "Facebook Signup Crie um campo de entrada de texto para o celular ou email do usuário dentro do formulário criado no requisito 10 Posicione esse campo abaixo do campo do nome do usuário",
                  "timedOut": null,
                  "duration": 700,
                  "state": "failed",
                  "speed": null,
                  "pass": false,
                  "fail": true,
                  "pending": false,
                  "context": null,
                  "code": "checkIsBelowOf('.main-content form input[name=\"firstname\"]', '.main-content form input[name=\"phone_email\"]');",
                  "err": {
                    "message": "TypeError: Cannot read property 'getBoundingClientRect' of null",
                    "estack": "TypeError: Cannot read property 'getBoundingClientRect' of null\n    at evaluateOffset (http://localhost:35787/__cypress/tests?p=cypress/integration/project.spec.js-300:81:37)\n    at Context.<anonymous> (http://localhost:35787/__cypress/tests?p=cypress/integration/project.spec.js-300:100:12)",
                    "diff": null
                  },
                  "uuid": "913afdfc-8727-449a-a3da-a854da35ef60",
                  "parentUUID": "7fc7cfca-1e39-4b24-97ff-611ab002198a",
                  "isHook": false,
                  "skipped": false
                }
              ],
              "suites": [],
              "passes": [],
              "failures": [
                "4e77ab5b-3a3d-4aa6-9c1e-6bfcd9700758",
                "5da32b42-966e-46ea-8682-ec313fc354ad",
                "913afdfc-8727-449a-a3da-a854da35ef60"
              ],
              "pending": [],
              "skipped": [],
              "duration": 10202,
              "root": false,
              "rootEmpty": false,
              "_timeout": 2000
            },
            {
              "uuid": "c14051b6-cbc9-4668-94e5-fe14805abb61",
              "title": "Crie um campo de entrada para senha do usuário dentro do formulário criado no requisito 10",
              "fullFile": "",
              "file": "",
              "beforeHooks": [],
              "afterHooks": [],
              "tests": [
                {
                  "title": "O campo deve ter o atributo name com o valor \"password\"",
                  "fullTitle": "Facebook Signup Crie um campo de entrada para senha do usuário dentro do formulário criado no requisito 10 O campo deve ter o atributo name com o valor \"password\"",
                  "timedOut": null,
                  "duration": 4826,
                  "state": "failed",
                  "speed": null,
                  "pass": false,
                  "fail": true,
                  "pending": false,
                  "context": null,
                  "code": "cy.get('.main-content form input[name=\"password\"]').should('exist');",
                  "err": {
                    "message": "CypressError: Timed out retrying: Expected to find element: '.main-content form input[name=\"password\"]', but never found it.",
[...]
                "5ed8e113-5137-4709-b08b-31de3f6f49c7"
              ],
              "pending": [],
              "skipped": [],
              "duration": 9075,
              "root": false,
              "rootEmpty": false,
              "_timeout": 2000
            },
            {
              "uuid": "cf13bc54-454d-4e5a-b014-d0768195ca6c",
              "title": "Validar se todos os campos foram preenchidos ao clicar no botão \"Cadastre-se\"",
              "fullFile": "",
              "file": "",
              "beforeHooks": [],
              "afterHooks": [],
              "tests": [
                {
                  "title": "Exibir uma mensagem \"Campos inválidos\" dentro do formulário caso pelo menos um campo não esteja preenchido",
                  "fullTitle": "Facebook Signup Validar se todos os campos foram preenchidos ao clicar no botão \"Cadastre-se\" Exibir uma mensagem \"Campos inválidos\" dentro do formulário caso pelo menos um campo não esteja preenchido",
                  "timedOut": null,
                  "duration": 4553,
                  "state": "failed",
                  "speed": null,
                  "pass": false,
                  "fail": true,
                  "pending": false,
                  "context": null,
                  "code": "cy.get('input[name=\"firstname\"]').type(\"John\");\ncy.get('input[name=\"lastname\"]').type(\"Doe\");\ncy.get(REGISTER_BUTTON_SELECTOR).click();\ncy.get('.main-content form').contains('Campos inválidos');",
                  "err": {
                    "message": "CypressError: Timed out retrying: Expected to find element: 'input[name=\"firstname\"]', but never found it.",
                    "estack": "CypressError: Timed out retrying: Expected to find element: 'input[name=\"firstname\"]', but never found it.\n    at cypressErr (http://localhost:35787/__cypress/runner/cypress_runner.js:138036:9)\n    at throwErr (http://localhost:35787/__cypress/runner/cypress_runner.js:137969:11)\n    at Object.throwErrByPath (http://localhost:35787/__cypress/runner/cypress_runner.js:138017:3)\n    at retry (http://localhost:35787/__cypress/runner/cypress_runner.js:132299:19)\n    at onFailFn (http://localhost:35787/__cypress/runner/cypress_runner.js:120514:16)\n    at tryCatcher (http://localhost:35787/__cypress/runner/cypress_runner.js:164895:23)\n    at Promise._settlePromiseFromHandler (http://localhost:35787/__cypress/runner/cypress_runner.js:162831:31)\n    at Promise._settlePromise (http://localhost:35787/__cypress/runner/cypress_runner.js:162888:18)\n    at Promise._settlePromise0 (http://localhost:35787/__cypress/runner/cypress_runner.js:162933:10)\n    at Promise._settlePromises (http://localhost:35787/__cypress/runner/cypress_runner.js:163008:18)\n    at Async../node_modules/bluebird/js/release/async.js.Async._drainQueue (http://localhost:35787/__cypress/runner/cypress_runner.js:159620:16)\n    at Async../node_modules/bluebird/js/release/async.js.Async._drainQueues (http://localhost:35787/__cypress/runner/cypress_runner.js:159630:10)\n    at Async.drainQueues (http://localhost:35787/__cypress/runner/cypress_runner.js:159504:14)",
                    "diff": null
                  },
                  "uuid": "74305419-dd78-475a-b962-673af547a553",
                  "parentUUID": "cf13bc54-454d-4e5a-b014-d0768195ca6c",
                  "isHook": false,
                  "skipped": false
                }
              ],
              "suites": [],
              "passes": [],
              "failures": [
                "74305419-dd78-475a-b962-673af547a553"
              ],
              "pending": [],
              "skipped": [],
              "duration": 4553,
              "root": false,
              "rootEmpty": false,
              "_timeout": 2000
            },
            {
              "uuid": "14cb2bb5-61c2-4c02-a171-0d74b679174b",
              "title": "Adicione um novo campo de texto no formulário se a pessoa usuária selecionar a opção \"Personalizado\" no campo Gênero",
              "fullFile": "",
              "file": "",
              "beforeHooks": [],
              "afterHooks": [],
              "tests": [
                {
                  "title": "O novo campo dever ser uma campo de texto com o atributo name \"gender-custom\" e um placeholder \"Gênero (opcional)\"",
                  "fullTitle": "Facebook Signup Adicione um novo campo de texto no formulário se a pessoa usuária selecionar a opção \"Personalizado\" no campo Gênero O novo campo dever ser uma campo de texto com o atributo name \"gender-custom\" e um placeholder \"Gênero (opcional)\"",
                  "timedOut": null,
                  "duration": 4285,
                  "state": "failed",
                  "speed": null,
                  "pass": false,
                  "fail": true,
                  "pending": false,
                  "context": null,
                  "code": "cy.get('input[name=\"gender-custom\"]').should('exist');",
                  "err": {
                    "message": "CypressError: Timed out retrying: Expected to find element: 'input[name=\"gender\"]', but never found it.\n\nBecause this error occurred during a 'before each' hook we are skipping the remaining tests in the current suite: 'Adicione um novo campo de t...'",
                    "estack": "CypressError: Timed out retrying: Expected to find element: 'input[name=\"gender\"]', but never found it.\n\nBecause this error occurred during a 'before each' hook we are skipping the remaining tests in the current suite: 'Adicione um novo campo de t...'\n    at cypressErr (http://localhost:35787/__cypress/runner/cypress_runner.js:138036:9)\n    at throwErr (http://localhost:35787/__cypress/runner/cypress_runner.js:137969:11)\n    at Object.throwErrByPath (http://localhost:35787/__cypress/runner/cypress_runner.js:138017:3)\n    at retry (http://localhost:35787/__cypress/runner/cypress_runner.js:132299:19)\n    at onFailFn (http://localhost:35787/__cypress/runner/cypress_runner.js:120514:16)\n    at tryCatcher (http://localhost:35787/__cypress/runner/cypress_runner.js:164895:23)\n    at Promise._settlePromiseFromHandler (http://localhost:35787/__cypress/runner/cypress_runner.js:162831:31)\n    at Promise._settlePromise (http://localhost:35787/__cypress/runner/cypress_runner.js:162888:18)\n    at Promise._settlePromise0 (http://localhost:35787/__cypress/runner/cypress_runner.js:162933:10)\n    at Promise._settlePromises (http://localhost:35787/__cypress/runner/cypress_runner.js:163008:18)\n    at Async../node_modules/bluebird/js/release/async.js.Async._drainQueue (http://localhost:35787/__cypress/runner/cypress_runner.js:159620:16)\n    at Async../node_modules/bluebird/js/release/async.js.Async._drainQueues (http://localhost:35787/__cypress/runner/cypress_runner.js:159630:10)\n    at Async.drainQueues (http://localhost:35787/__cypress/runner/cypress_runner.js:159504:14)",
                    "diff": null
                  },
                  "uuid": "7cd0c1e6-c323-4e06-9e9f-4355060b9ba5",
                  "parentUUID": "14cb2bb5-61c2-4c02-a171-0d74b679174b",
                  "isHook": false,
                  "skipped": false
                },
                {
                  "title": "O novo campo deve estar posicionado entre as opções de gênero e o botão \"Cadastrar-se\"",
                  "fullTitle": "Facebook Signup Adicione um novo campo de texto no formulário se a pessoa usuária selecionar a opção \"Personalizado\" no campo Gênero O novo campo deve estar posicionado entre as opções de gênero e o botão \"Cadastrar-se\"",
                  "timedOut": null,
                  "duration": 0,
                  "state": "skipped",
                  "speed": null,
                  "pass": false,
                  "fail": false,
                  "pending": false,
                  "context": null,
                  "code": "checkIsBelowOf('input[name=\"gender\"]', 'input[name=\"gender-custom\"]');\ncheckIsBelowOf('input[name=\"gender-custom\"]', REGISTER_BUTTON_SELECTOR);",
                  "err": {},
                  "uuid": "49865768-cf4c-4b64-a6da-226b09082dc7",
                  "parentUUID": "14cb2bb5-61c2-4c02-a171-0d74b679174b",
                  "isHook": false,
                  "skipped": true
                }
              ],
              "suites": [],
              "passes": [],
              "failures": [
                "7cd0c1e6-c323-4e06-9e9f-4355060b9ba5"
              ],
              "pending": [],
              "skipped": [
                "49865768-cf4c-4b64-a6da-226b09082dc7"
              ],
              "duration": 4285,
              "root": false,
              "rootEmpty": false,
              "_timeout": 2000
            },
            {
              "uuid": "c0e9b7e2-d547-42fb-a009-ade9c8c7cd59",
              "title": "Substituir o conteúdo do container com a classe right-content se o formulário estiver completamente preenchido e validado",
              "fullFile": "",
              "file": "",
              "beforeHooks": [],
              "afterHooks": [],
              "tests": [
                {
                  "title": "Deve haver um texto no modelo \"Olá, Jonh Doe\" (substitua John Doe pelo nome e sobrenome preenchido no formulário)",
                  "fullTitle": "Facebook Signup Substituir o conteúdo do container com a classe right-content se o formulário estiver completamente preenchido e validado Deve haver um texto no modelo \"Olá, Jonh Doe\" (substitua John Doe pelo nome e sobrenome preenchido no formulário)",
                  "timedOut": null,
                  "duration": 4348,
                  "state": "failed",
                  "speed": null,
                  "pass": false,
                  "fail": true,
                  "pending": false,
                  "context": null,
                  "code": "cy.get('.main-content .right-content').contains(\"Ol\\xE1, \".concat(firstname, \" \").concat(lastname));",
                  "err": {
                    "message": "CypressError: Timed out retrying: Expected to find element: 'input[name=\"firstname\"]', but never found it.\n\nBecause this error occurred during a 'before each' hook we are skipping the remaining tests in the current suite: 'Substituir o conteúdo do co...'",
                    "estack": "CypressError: Timed out retrying: Expected to find element: 'input[name=\"firstname\"]', but never found it.\n\nBecause this error occurred during a 'before each' hook we are skipping the remaining tests in the current suite: 'Substituir o conteúdo do co...'\n    at cypressErr (http://localhost:35787/__cypress/runner/cypress_runner.js:138036:9)\n    at throwErr (http://localhost:35787/__cypress/runner/cypress_runner.js:137969:11)\n    at Object.throwErrByPath (http://localhost:35787/__cypress/runner/cypress_runner.js:138017:3)\n    at retry (http://localhost:35787/__cypress/runner/cypress_runner.js:132299:19)\n    at onFailFn (http://localhost:35787/__cypress/runner/cypress_runner.js:120514:16)\n    at tryCatcher (http://localhost:35787/__cypress/runner/cypress_runner.js:164895:23)\n    at Promise._settlePromiseFromHandler (http://localhost:35787/__cypress/runner/cypress_runner.js:162831:31)\n    at Promise._settlePromise (http://localhost:35787/__cypress/runner/cypress_runner.js:162888:18)\n    at Promise._settlePromise0 (http://localhost:35787/__cypress/runner/cypress_runner.js:162933:10)\n    at Promise._settlePromises (http://localhost:35787/__cypress/runner/cypress_runner.js:163008:18)\n    at Async../node_modules/bluebird/js/release/async.js.Async._drainQueue (http://localhost:35787/__cypress/runner/cypress_runner.js:159620:16)\n    at Async../node_modules/bluebird/js/release/async.js.Async._drainQueues (http://localhost:35787/__cypress/runner/cypress_runner.js:159630:10)\n    at Async.drainQueues (http://localhost:35787/__cypress/runner/cypress_runner.js:159504:14)",
                    "diff": null
                  },
                  "uuid": "7a8eb71d-450b-422c-bb5b-562850372f78",
                  "parentUUID": "c0e9b7e2-d547-42fb-a009-ade9c8c7cd59",
                  "isHook": false,
                  "skipped": false
                },
                {
                  "title": "Exibir o e-mail ou telefone",
                  "fullTitle": "Facebook Signup Substituir o conteúdo do container com a classe right-content se o formulário estiver completamente preenchido e validado Exibir o e-mail ou telefone",
                  "timedOut": null,
                  "duration": 0,
                  "state": "skipped",
                  "speed": null,
                  "pass": false,
                  "fail": false,
                  "pending": false,
                  "context": null,
                  "code": "cy.get('.main-content .right-content').contains(phoneEmail);",
                  "err": {},
                  "uuid": "a061cb97-fb35-49f0-ab98-42772e7031c6",
                  "parentUUID": "c0e9b7e2-d547-42fb-a009-ade9c8c7cd59",
                  "isHook": false,
                  "skipped": true
                },
                {
                  "title": "Não exibir a senha",
                  "fullTitle": "Facebook Signup Substituir o conteúdo do container com a classe right-content se o formulário estiver completamente preenchido e validado Não exibir a senha",
                  "timedOut": null,
                  "duration": 0,
                  "state": "skipped",
                  "speed": null,
                  "pass": false,
                  "fail": false,
                  "pending": false,
                  "context": null,
                  "code": "cy.get('.main-content .right-content').should('not.contain', password);",
                  "err": {},
                  "uuid": "e1374d57-0793-4704-98b6-4651b8789e20",
                  "parentUUID": "c0e9b7e2-d547-42fb-a009-ade9c8c7cd59",
                  "isHook": false,
                  "skipped": true
                },
                {
                  "title": "Exibir a data de nascimento",
                  "fullTitle": "Facebook Signup Substituir o conteúdo do container com a classe right-content se o formulário estiver completamente preenchido e validado Exibir a data de nascimento",
                  "timedOut": null,
                  "duration": 0,
                  "state": "skipped",
                  "speed": null,
                  "pass": false,
                  "fail": false,
                  "pending": false,
                  "context": null,
                  "code": "cy.get('.main-content .right-content').contains(birthdate);",
                  "err": {},
                  "uuid": "e452e55c-3eb3-4a01-983f-5348cfea0541",
                  "parentUUID": "c0e9b7e2-d547-42fb-a009-ade9c8c7cd59",
                  "isHook": false,
                  "skipped": true
                },
                {
                  "title": "Caso a opção selecionada no campo Gênero seja Feminino exibir \"Feminino\"",
                  "fullTitle": "Facebook Signup Substituir o conteúdo do container com a classe right-content se o formulário estiver completamente preenchido e validado Caso a opção selecionada no campo Gênero seja Feminino exibir \"Feminino\"",
                  "timedOut": null,
                  "duration": 0,
                  "state": "skipped",
                  "speed": null,
                  "pass": false,
                  "fail": false,
                  "pending": false,
                  "context": null,
                  "code": "fillForm();\ncy.get('input[name=\"gender\"]').check('Feminino');\ncy.get(REGISTER_BUTTON_SELECTOR).click();\ncy.get('.main-content .right-content').contains('Feminino');",
                  "err": {},
                  "uuid": "d2859d2a-02a5-4cd5-b842-9688a9202d26",
                  "parentUUID": "c0e9b7e2-d547-42fb-a009-ade9c8c7cd59",
                  "isHook": false,
                  "skipped": true
                },
                {
                  "title": "Caso a opção selecionada no campo Gênero seja Masculino exibir \"Masculino\"",
                  "fullTitle": "Facebook Signup Substituir o conteúdo do container com a classe right-content se o formulário estiver completamente preenchido e validado Caso a opção selecionada no campo Gênero seja Masculino exibir \"Masculino\"",
                  "timedOut": null,
                  "duration": 0,
                  "state": "skipped",
                  "speed": null,
                  "pass": false,
                  "fail": false,
                  "pending": false,
                  "context": null,
                  "code": "fillForm();\ncy.get('input[name=\"gender\"]').check('Masculino');\ncy.get(REGISTER_BUTTON_SELECTOR).click();\ncy.get('.main-content .right-content').contains('Masculino');",
                  "err": {},
                  "uuid": "d6d08be5-158b-4f1a-a43c-c37b0fad16ef",
                  "parentUUID": "c0e9b7e2-d547-42fb-a009-ade9c8c7cd59",
                  "isHook": false,
                  "skipped": true
                },
                {
                  "title": "Caso a opção selecionada no campo Gênero seja Personalizado exibir \"Personalizado\"",
                  "fullTitle": "Facebook Signup Substituir o conteúdo do container com a classe right-content se o formulário estiver completamente preenchido e validado Caso a opção selecionada no campo Gênero seja Personalizado exibir \"Personalizado\"",
                  "timedOut": null,
                  "duration": 0,
                  "state": "skipped",
                  "speed": null,
                  "pass": false,
                  "fail": false,
                  "pending": false,
                  "context": null,
                  "code": "fillForm();\ncy.get('input[name=\"gender\"]').check('Personalizado');\ncy.get(REGISTER_BUTTON_SELECTOR).click();\ncy.get('.main-content .right-content').contains('Personalizado');",
                  "err": {},
                  "uuid": "ca76dbd8-b116-4187-b7be-b40243585f90",
                  "parentUUID": "c0e9b7e2-d547-42fb-a009-ade9c8c7cd59",
                  "isHook": false,
                  "skipped": true
                }
              ],
              "suites": [],
              "passes": [],
              "failures": [
                "7a8eb71d-450b-422c-bb5b-562850372f78"
              ],
              "pending": [],
              "skipped": [
                "a061cb97-fb35-49f0-ab98-42772e7031c6",
                "e1374d57-0793-4704-98b6-4651b8789e20",
                "e452e55c-3eb3-4a01-983f-5348cfea0541",
                "d2859d2a-02a5-4cd5-b842-9688a9202d26",
                "d6d08be5-158b-4f1a-a43c-c37b0fad16ef",
                "ca76dbd8-b116-4187-b7be-b40243585f90"
              ],
              "duration": 4348,
              "root": false,
              "rootEmpty": false,
              "_timeout": 2000
            }
          ],
          "passes": [],
          "failures": [],
          "pending": [],
          "skipped": [],
          "duration": 0,
          "root": false,
          "rootEmpty": false,
          "_timeout": 2000
        }
      ],
      "passes": [],
      "failures": [],
      "pending": [],
      "skipped": [],
      "duration": 0,
      "root": true,
      "rootEmpty": true,
      "_timeout": 2000
    }
  ],
  "meta": {
    "mocha": {
      "version": "7.1.0"
    },
    "mochawesome": {
      "options": {
        "quiet": false,
        "reportFilename": "mochawesome",
        "saveHtml": false,
        "saveJson": true,
        "consoleReporter": "spec",
        "useInlineDiffs": false,
        "code": true
      },
      "version": "5.0.0"
    },
    "marge": {
      "options": {
        "id": "default",
        "reportDir": "cypress/reports",
        "overwrite": true,
        "html": false,
        "json": true
      },
      "version": "4.1.0"
    }
  }
}